Audio device: cuda
Diarization has started: assets/audios/dialogo_rg_2.wav
Removing existing directory: cache/diarized_audios/dialogo_rg_2 before creating a new one.
segmentation         ━━━━━━━━━━━━━━━━━━━━━━━━━━━━━━━━━━━━━━━━ 100% 0:00:00
speaker_counting     ━━━━━━━━━━━━━━━━━━━━━━━━━━━━━━━━━━━━━━━━ 100% 0:00:00
embeddings           ━━━━━━━━━━━━━━━━━━━━━━━━━━━━━━━━━━━━━━━━ 100% 0:00:11
discrete_diarization ━━━━━━━━━━━━━━━━━━━━━━━━━━━━━━━━━━━━━━━━ 100% 0:00:00
Segment 0 saved from 3186 to 10037 milliseconds. With a duration of 6851 milliseconds.
Segment 1 saved from 10037 to 17969 milliseconds. With a duration of 7932 milliseconds.
Segment 2 saved from 17969 to 25022 milliseconds. With a duration of 7053 milliseconds.
Segment 3 saved from 25022 to 33966 milliseconds. With a duration of 8944 milliseconds.
Segment 4 saved from 33966 to 40024 milliseconds. With a duration of 6058 milliseconds.
Segment 5 saved from 40024 to 59717 milliseconds. With a duration of 19693 milliseconds.
Segment 6 saved from 60122 to 64797 milliseconds. With a duration of 4675 milliseconds.
Segment 7 saved from 65759 to 72492 milliseconds. With a duration of 6733 milliseconds.
Segment 8 saved from 72492 to 78027 milliseconds. With a duration of 5535 milliseconds.
Segment 9 saved from 78027 to 85874 milliseconds. With a duration of 7847 milliseconds.
Segment 10 saved from 86262 to 91307 milliseconds. With a duration of 5045 milliseconds.
Segment 11 saved from 95340 to 102057 milliseconds. With a duration of 6717 milliseconds.
Segment 12 saved from 102495 to 111000 milliseconds. With a duration of 8505 milliseconds.
Segment 13 saved from 114359 to 123083 milliseconds. With a duration of 8724 milliseconds.
Segment 14 saved from 123674 to 129630 milliseconds. With a duration of 5956 milliseconds.
Segment 15 saved from 129630 to 139975 milliseconds. With a duration of 10345 milliseconds.
Segment 16 saved from 139975 to 147434 milliseconds. With a duration of 7459 milliseconds.
Segment 17 saved from 148362 to 155601 milliseconds. With a duration of 7239 milliseconds.
Segment 18 saved from 155601 to 162587 milliseconds. With a duration of 6986 milliseconds.
Segment 19 saved from 163060 to 170198 milliseconds. With a duration of 7138 milliseconds.
Segment 20 saved from 170485 to 179682 milliseconds. With a duration of 9197 milliseconds.
Segment 21 saved from 180711 to 188963 milliseconds. With a duration of 8252 milliseconds.
Segment 22 saved from 189537 to 196506 milliseconds. With a duration of 6969 milliseconds.
Segment 23 saved from 197974 to 220975 milliseconds. With a duration of 23001 milliseconds.
Segment 24 saved from 220975 to 222375 milliseconds. With a duration of 1400 milliseconds.
Segment 25 saved from 226695 to 233969 milliseconds. With a duration of 7274 milliseconds.
Segment 26 saved from 233969 to 240077 milliseconds. With a duration of 6108 milliseconds.
Segment 27 saved from 241275 to 245410 milliseconds. With a duration of 4135 milliseconds.
Segment 28 saved from 246844 to 247182 milliseconds. With a duration of 338 milliseconds.
Diarization has completed.
