Audio device: cuda
Found audio file: assets/audios/C2_Cambridge.wav
Diarization has started: assets/audios/C2_Cambridge.wav
Removing existing directory: cache/diarized_audios/C2_Cambridge before creating a new one.
segmentation         ━━━━━━━━━━━━━━━━━━━━━━━━━━━━━━━━━━━━━━━━ 100% 0:00:01
speaker_counting     ━━━━━━━━━━━━━━━━━━━━━━━━━━━━━━━━━━━━━━━━ 100% 0:00:00
embeddings           ━━━━━━━━━━━━━━━━━━━━━━━━━━━━━━━━━━━━━━━━ 100% 0:01:34
discrete_diarization ━━━━━━━━━━━━━━━━━━━━━━━━━━━━━━━━━━━━━━━━ 100% 0:00:00
Segment 0: 10189 - 10763 Speaker: 00
Option 4
Segment 1: 11708 - 14627 Speaker: 00
Option 3
Segment 2: 15387 - 16433 Speaker: 00
Option 3
Segment 3: 16652 - 17040 Speaker: 00
Option 3
Segment 4: 17462 - 18002 Speaker: 02
Option 4
Segment 5: 18795 - 20601 Speaker: 00
Option 4
Segment 6: 21327 - 21799 Speaker: 00
Option 3
Segment 7: 25073 - 27233 Speaker: 00
Option 3
Segment 8: 27537 - 28465 Speaker: 00
Option 3
Segment 9: 29089 - 33409 Speaker: 01
Option 4
Segment 10: 33983 - 35856 Speaker: 02
Option 4
Segment 11: 36430 - 38067 Speaker: 00
Option 4
Segment 12: 38033 - 44294 Speaker: 02
Option 4
Segment 13: 38067 - 38387 Speaker: 01
Option 1
Segment 14: 38387 - 38438 Speaker: 00
Option 1
Segment 15: 38438 - 38455 Speaker: 01
Option 1
Segment 16: 38455 - 38624 Speaker: 00
Option 1
Segment 17: 45222 - 45694 Speaker: 01
Option 4
Segment 18: 46200 - 54030 Speaker: 01
Option 3
Segment 19: 54621 - 54824 Speaker: 00
Option 2
Segment 20: 55549 - 59025 Speaker: 00
Option 4
Segment 21: 60139 - 67260 Speaker: 01
Option 4
Segment 22: 67851 - 68324 Speaker: 00
Option 4
Segment 23: 68847 - 71952 Speaker: 00
Option 3
Segment 24: 72812 - 82414 Speaker: 02
Option 4
Segment 25: 83022 - 83190 Speaker: 00
Option 2
Segment 26: 83865 - 84304 Speaker: 00
Option 4
Segment 27: 86717 - 89552 Speaker: 00
Option 3
Segment 28: 90194 - 92995 Speaker: 00
Option 3
Segment 29: 95492 - 98648 Speaker: 00
Option 3
Segment 30: 99374 - 108756 Speaker: 00
Option 3
Segment 31: 109802 - 122864 Speaker: 02
Option 4
Segment 32: 114392 - 114426 Speaker: 00
Option 1
Segment 33: 114426 - 114629 Speaker: 01
Option 1
Segment 34: 122121 - 122762 Speaker: 01
Option 1
Segment 35: 122914 - 126374 Speaker: 01
Option 4
Segment 36: 126475 - 130035 Speaker: 02
Option 4
Segment 37: 128466 - 129377 Speaker: 01
Option 1
Segment 38: 130137 - 131875 Speaker: 02
Option 3
Segment 39: 133377 - 136735 Speaker: 02
Option 3
Segment 40: 135098 - 135621 Speaker: 01
Option 1
Segment 41: 135891 - 137207 Speaker: 01
Option 4
Segment 42: 138270 - 142860 Speaker: 02
Option 4
Segment 43: 142995 - 143029 Speaker: 02
Option 2
Segment 44: 143367 - 143603 Speaker: 02
Option 2
Segment 45: 143603 - 145139 Speaker: 01
Option 4
Segment 46: 143620 - 145527 Speaker: 02
Option 4
Segment 47: 145965 - 159246 Speaker: 01
Option 4
Segment 48: 159246 - 168983 Speaker: 02
Option 4
Segment 49: 163701 - 163988 Speaker: 01
Option 1
Segment 50: 163988 - 164022 Speaker: 00
Option 1
Segment 51: 165422 - 165439 Speaker: 01
Option 1
Segment 52: 165439 - 165608 Speaker: 00
Option 1
Segment 53: 167279 - 167751 Speaker: 00
Option 1
Segment 54: 169844 - 180492 Speaker: 00
Option 4
Segment 55: 181251 - 185875 Speaker: 00
Option 3
Segment 56: 186499 - 190532 Speaker: 00
Option 3
Segment 57: 190937 - 193013 Speaker: 00
Option 3
Segment 58: 193722 - 196084 Speaker: 00
Option 3
Segment 59: 196641 - 203779 Speaker: 01
Option 4
Segment 60: 204640 - 204674 Speaker: 01
Option 2
Segment 61: 204674 - 207120 Speaker: 02
Option 4
Segment 62: 204960 - 206294 Speaker: 01
Option 1
Segment 63: 207120 - 207559 Speaker: 01
Option 4
Segment 64: 207188 - 218444 Speaker: 02
Option 4
Segment 65: 211677 - 211947 Speaker: 01
Option 1
Segment 66: 214613 - 215474 Speaker: 01
Option 1
Segment 67: 219692 - 224063 Speaker: 01
Option 4
Segment 68: 219878 - 220013 Speaker: 02
Option 1
Segment 69: 220013 - 220806 Speaker: 00
Option 1
Segment 70: 220823 - 221042 Speaker: 02
Option 1
Segment 71: 222240 - 225531 Speaker: 02
Option 4
Segment 72: 225970 - 226392 Speaker: 01
Option 4
Segment 73: 226932 - 227927 Speaker: 01
Option 3
Segment 74: 228332 - 248920 Speaker: 02
Option 4
Segment 75: 242879 - 242912 Speaker: 00
Option 1
Segment 76: 242912 - 243351 Speaker: 01
Option 1
Segment 77: 249105 - 251282 Speaker: 01
Option 4
Segment 78: 249190 - 255164 Speaker: 02
Option 4
Segment 79: 255704 - 256092 Speaker: 01
Option 4
Segment 80: 256463 - 262335 Speaker: 02
Option 4
Segment 81: 259112 - 259770 Speaker: 01
Option 1
Segment 82: 261846 - 274654 Speaker: 01
Option 4
Segment 83: 263854 - 264580 Speaker: 02
Option 1
Segment 84: 275211 - 283615 Speaker: 02
Option 4
Segment 85: 284003 - 284239 Speaker: 01
Option 2
Segment 86: 285674 - 293554 Speaker: 02
Option 3
Segment 87: 289234 - 290601 Speaker: 01
Option 1
Segment 88: 293706 - 300557 Speaker: 02
Option 3
Segment 89: 293740 - 295343 Speaker: 01
Option 1
Segment 90: 299747 - 301823 Speaker: 01
Option 4
Segment 91: 302245 - 302262 Speaker: 01
Option 2
Segment 92: 302262 - 302599 Speaker: 02
Option 4
Segment 93: 302599 - 305620 Speaker: 01
Option 4
Segment 94: 305924 - 306902 Speaker: 02
Option 4
Segment 95: 307088 - 308337 Speaker: 01
Option 4
Segment 96: 308894 - 322630 Speaker: 02
Option 4
Segment 97: 318428 - 318732 Speaker: 01
Option 1
Segment 98: 322613 - 331590 Speaker: 01
Option 4
Segment 99: 324284 - 324874 Speaker: 02
Option 1
Segment 100: 328958 - 339589 Speaker: 02
Option 4
Segment 101: 335607 - 335927 Speaker: 01
Option 1
Segment 102: 340500 - 346373 Speaker: 01
Option 4
Segment 103: 344804 - 345107 Speaker: 02
Option 1
Segment 104: 347385 - 357949 Speaker: 02
Option 4
Segment 105: 354962 - 357882 Speaker: 01
Option 1
Segment 106: 358675 - 362354 Speaker: 02
Option 3
Segment 107: 362539 - 373204 Speaker: 01
Option 4
Segment 108: 362995 - 364328 Speaker: 02
Option 1
Segment 109: 373086 - 376444 Speaker: 02
Option 4
Segment 110: 376444 - 376967 Speaker: 01
Option 4
Segment 111: 376461 - 376883 Speaker: 02
Option 1
Segment 112: 376967 - 377406 Speaker: 02
Option 4
Segment 113: 377406 - 378199 Speaker: 01
Option 4
Segment 114: 378655 - 379026 Speaker: 02
Option 4
Segment 115: 379026 - 379043 Speaker: 00
Option 2
Segment 116: 379043 - 379060 Speaker: 02
Option 2
Segment 117: 379060 - 379077 Speaker: 00
Option 2
Segment 118: 379077 - 379094 Speaker: 02
Option 2
Segment 119: 379094 - 379110 Speaker: 00
Option 2
Segment 120: 383954 - 388307 Speaker: 00
Option 4
Segment 121: 388628 - 393015 Speaker: 00
Option 3
Segment 122: 394720 - 400019 Speaker: 00
Option 3
Segment 123: 400272 - 402432 Speaker: 00
Option 3
Segment 124: 402567 - 404085 Speaker: 00
Option 3
Segment 125: 404457 - 405064 Speaker: 00
Option 3
Segment 126: 405807 - 413502 Speaker: 00
Option 3
Segment 127: 406212 - 406718 Speaker: 01
Option 1
Segment 128: 419189 - 536031 Speaker: 01
Option 4
Segment 129: 536487 - 537027 Speaker: 00
Option 4
Segment 130: 538394 - 540992 Speaker: 00
Option 3
Segment 131: 541954 - 572110 Speaker: 02
Option 4
Segment 132: 572819 - 572835 Speaker: 00
Option 2
Segment 133: 572835 - 572937 Speaker: 02
Option 2
Segment 134: 572937 - 572954 Speaker: 00
Option 2
Segment 135: 572954 - 572970 Speaker: 02
Option 2
Segment 136: 572970 - 573375 Speaker: 00
Option 4
Segment 137: 574455 - 585660 Speaker: 01
Option 4
Segment 138: 586437 - 586740 Speaker: 00
Option 4
Segment 139: 587348 - 592900 Speaker: 00
Option 3
Segment 140: 594081 - 595448 Speaker: 00
Option 3
Segment 141: 596275 - 602367 Speaker: 00
Option 3
Segment 142: 602569 - 603683 Speaker: 02
Option 4
Segment 143: 604560 - 635138 Speaker: 02
Option 3
Segment 144: 635442 - 668449 Speaker: 02
Option 3
Segment 145: 670474 - 699314 Speaker: 02
Option 3
Segment 146: 700866 - 728963 Speaker: 02
Option 3
Segment 147: 729402 - 729908 Speaker: 00
Option 4
Segment 148: 731545 - 735173 Speaker: 00
Option 3
Segment 149: 736270 - 763827 Speaker: 01
Option 4
Segment 150: 764856 - 765430 Speaker: 00
Option 4
Segment 151: 766071 - 791552 Speaker: 02
Option 4
Segment 152: 792329 - 792599 Speaker: 00
Option 2
Segment 153: 795518 - 799129 Speaker: 00
Option 4
Segment 154: 800378 - 803264 Speaker: 00
Option 3
Segment 155: 804799 - 805829 Speaker: 02
Option 4
Segment 156: 806234 - 824999 Speaker: 02
Option 3
Segment 157: 814435 - 815481 Speaker: 01
Option 1
Segment 158: 815802 - 816510 Speaker: 01
Option 1
Segment 159: 824762 - 846312 Speaker: 01
Option 4
Segment 160: 827445 - 827935 Speaker: 02
Option 1
Segment 161: 836744 - 838009 Speaker: 02
Option 1
Segment 162: 847004 - 847290 Speaker: 00
Option 2
Segment 163: 849383 - 853180 Speaker: 00
Option 4
Segment 164: 854597 - 887166 Speaker: 01
Option 4
Segment 165: 888263 - 895519 Speaker: 02
Option 4
Segment 166: 895080 - 895418 Speaker: 01
Option 1
Segment 167: 895587 - 920005 Speaker: 02
Option 3
Segment 168: 921237 - 927092 Speaker: 02
Option 3
Segment 169: 921777 - 922199 Speaker: 01
Option 1
Segment 170: 923194 - 923785 Speaker: 01
Option 1
Segment 171: 926839 - 931345 Speaker: 01
Option 4
Segment 172: 929286 - 938550 Speaker: 02
Option 4
Segment 173: 935260 - 935665 Speaker: 01
Option 1
Segment 174: 937909 - 942617 Speaker: 01
Option 4
Segment 175: 942432 - 945149 Speaker: 02
Option 4
Segment 176: 944423 - 944862 Speaker: 01
Option 1
Segment 177: 945486 - 950093 Speaker: 02
Option 3
Segment 178: 946026 - 946600 Speaker: 01
Option 1
Segment 179: 949637 - 949958 Speaker: 01
Option 1
Segment 180: 949958 - 950025 Speaker: 00
Option 1
Segment 181: 950970 - 951004 Speaker: 01
Option 2
Segment 182: 951004 - 951426 Speaker: 00
Option 4
Segment 183: 951899 - 952388 Speaker: 02
Option 4
Segment 184: 953890 - 960269 Speaker: 00
Option 4
Segment 185: 960690 - 978645 Speaker: 02
Option 4
Segment 186: 961770 - 962142 Speaker: 00
Option 1
Segment 187: 979810 - 983505 Speaker: 02
Option 3
Segment 188: 983708 - 1005882 Speaker: 01
Option 4
Segment 189: 990627 - 990947 Speaker: 02
Option 1
Segment 190: 1004599 - 1005932 Speaker: 00
Option 4
Segment 191: 1006979 - 1010792 Speaker: 00
Option 3
Segment 192: 1012497 - 1018572 Speaker: 02
Option 4
Segment 193: 1019483 - 1023887 Speaker: 02
Option 3
Segment 194: 1024343 - 1036679 Speaker: 02
Option 3
Segment 195: 1033675 - 1034181 Speaker: 01
Option 1
Segment 196: 1036881 - 1047749 Speaker: 01
Option 4
Segment 197: 1048947 - 1053621 Speaker: 02
Option 4
Segment 198: 1052879 - 1054414 Speaker: 01
Option 4
Segment 199: 1053621 - 1053638 Speaker: 00
Option 1
Segment 200: 1054414 - 1054667 Speaker: 00
Option 2
Segment 201: 1054870 - 1056827 Speaker: 00
Option 4
Segment 202: 1054920 - 1055157 Speaker: 02
Option 1
Segment 0 saved from 10189 to 17040 milliseconds.
Segment 1 saved from 17462 to 18002 milliseconds.
Segment 2 saved from 18795 to 28465 milliseconds.
Segment 3 saved from 29089 to 33409 milliseconds.
Segment 4 saved from 33983 to 35856 milliseconds.
Segment 5 saved from 36430 to 38067 milliseconds.
Segment 6 saved from 38033 to 44294 milliseconds.
Segment 7 saved from 45222 to 54824 milliseconds.
Segment 8 saved from 55549 to 59025 milliseconds.
Segment 9 saved from 60139 to 67260 milliseconds.
Segment 10 saved from 67851 to 71952 milliseconds.
Segment 11 saved from 72812 to 83190 milliseconds.
Segment 12 saved from 83865 to 108756 milliseconds.
Segment 13 saved from 109802 to 122864 milliseconds.
Segment 14 saved from 122914 to 126374 milliseconds.
Segment 15 saved from 126475 to 136735 milliseconds.
Segment 16 saved from 135891 to 137207 milliseconds.
Segment 17 saved from 138270 to 143603 milliseconds.
Segment 18 saved from 143603 to 145139 milliseconds.
Segment 19 saved from 143620 to 145527 milliseconds.
Segment 20 saved from 145965 to 159246 milliseconds.
Segment 21 saved from 159246 to 168983 milliseconds.
Segment 22 saved from 169844 to 196084 milliseconds.
Segment 23 saved from 196641 to 204674 milliseconds.
Segment 24 saved from 204674 to 207120 milliseconds.
Segment 25 saved from 207120 to 207559 milliseconds.
Segment 26 saved from 207188 to 218444 milliseconds.
Segment 27 saved from 219692 to 224063 milliseconds.
Segment 28 saved from 222240 to 225531 milliseconds.
Segment 29 saved from 225970 to 227927 milliseconds.
Segment 30 saved from 228332 to 248920 milliseconds.
Segment 31 saved from 249105 to 251282 milliseconds.
Segment 32 saved from 249190 to 255164 milliseconds.
Segment 33 saved from 255704 to 256092 milliseconds.
Segment 34 saved from 256463 to 262335 milliseconds.
Segment 35 saved from 261846 to 274654 milliseconds.
Segment 36 saved from 275211 to 300557 milliseconds.
Segment 37 saved from 299747 to 302262 milliseconds.
Segment 38 saved from 302262 to 302599 milliseconds.
Segment 39 saved from 302599 to 305620 milliseconds.
Segment 40 saved from 305924 to 306902 milliseconds.
Segment 41 saved from 307088 to 308337 milliseconds.
Segment 42 saved from 308894 to 322630 milliseconds.
Segment 43 saved from 322613 to 331590 milliseconds.
Segment 44 saved from 328958 to 339589 milliseconds.
Segment 45 saved from 340500 to 346373 milliseconds.
Segment 46 saved from 347385 to 362354 milliseconds.
Segment 47 saved from 362539 to 373204 milliseconds.
Segment 48 saved from 373086 to 376444 milliseconds.
Segment 49 saved from 376444 to 376967 milliseconds.
Segment 50 saved from 376967 to 377406 milliseconds.
Segment 51 saved from 377406 to 378199 milliseconds.
Segment 52 saved from 378655 to 379110 milliseconds.
Segment duration longer than 29 seconds: 29548
Treshold: -50
Treshold: -45
Treshold: -40
Subsegment 53 saved from 0 to 28645 milliseconds.
Segment duration longer than 29 seconds: 116842
Treshold: -50
Treshold: -45
Treshold: -40
Treshold: -35
Treshold: -30
Subsegment 54 saved from 0 to 22493 milliseconds.
Subsegment 55 saved from 22493 to 33230 milliseconds.
Subsegment 56 saved from 33230 to 59744 milliseconds.
Subsegment 57 saved from 59744 to 87982 milliseconds.
Subsegment 58 saved from 87982 to 101119 milliseconds.
Segment 59 saved from 536487 to 540992 milliseconds.
Segment duration longer than 29 seconds: 31016
Treshold: -50
Treshold: -45
Treshold: -40
Treshold: -35
Subsegment 60 saved from 0 to 28715 milliseconds.
Segment 61 saved from 572970 to 573375 milliseconds.
Segment 62 saved from 574455 to 585660 milliseconds.
Segment 63 saved from 586437 to 602367 milliseconds.
Segment duration longer than 29 seconds: 126394
Treshold: -50
Treshold: -45
Treshold: -40
Treshold: -35
Subsegment 64 saved from 0 to 17742 milliseconds.
Subsegment 65 saved from 17742 to 30065 milliseconds.
Subsegment 66 saved from 30065 to 48070 milliseconds.
Subsegment 67 saved from 48070 to 71361 milliseconds.
Subsegment 68 saved from 71361 to 95798 milliseconds.
Subsegment 69 saved from 95798 to 111828 milliseconds.
Segment 70 saved from 729402 to 735173 milliseconds.
Segment 71 saved from 736270 to 763827 milliseconds.
Segment 72 saved from 764856 to 765430 milliseconds.
Segment 73 saved from 766071 to 792599 milliseconds.
Segment 74 saved from 795518 to 803264 milliseconds.
Segment 75 saved from 804799 to 824999 milliseconds.
Segment 76 saved from 824762 to 847290 milliseconds.
Segment 77 saved from 849383 to 853180 milliseconds.
Segment duration longer than 29 seconds: 32569
Treshold: -50
Treshold: -45
Treshold: -40
Treshold: -35
Subsegment 78 saved from 0 to 6618 milliseconds.
Subsegment 79 saved from 6618 to 31707 milliseconds.
Segment duration longer than 29 seconds: 38829
Treshold: -50
Treshold: -45
Treshold: -40
Treshold: -35
Treshold: -30
Subsegment 80 saved from 0 to 26525 milliseconds.
Subsegment 81 saved from 26525 to 31120 milliseconds.
Segment 82 saved from 926839 to 931345 milliseconds.
Segment 83 saved from 929286 to 938550 milliseconds.
Segment 84 saved from 937909 to 942617 milliseconds.
Segment 85 saved from 942432 to 951004 milliseconds.
Segment 86 saved from 951004 to 951426 milliseconds.
Segment 87 saved from 951899 to 952388 milliseconds.
Segment 88 saved from 953890 to 960269 milliseconds.
Segment 89 saved from 960690 to 983505 milliseconds.
Segment 90 saved from 983708 to 1005882 milliseconds.
Segment 91 saved from 1004599 to 1010792 milliseconds.
Segment 92 saved from 1012497 to 1036679 milliseconds.
Segment 93 saved from 1036881 to 1047749 milliseconds.
Segment 94 saved from 1048947 to 1053621 milliseconds.
Segment 95 saved from 1052879 to 1054667 milliseconds.
Segment 96 saved from 1054870 to 1056827 milliseconds.
Diarization has completed.
