Audio device: cuda
Found audio file: assets/audios/C2_Cambridge.wav
Diarization has started: assets/audios/C2_Cambridge.wav
segmentation         ━━━━━━━━━━━━━━━━━━━━━━━━━━━━━━━━━━━━━━━━ 100% 0:00:04
speaker_counting     ━━━━━━━━━━━━━━━━━━━━━━━━━━━━━━━━━━━━━━━━ 100% 0:00:00
embeddings           ━━━━━━━━━━━━━━━━━━━━━━━━━━━━━━━━━━━━━━━━ 100% 0:01:36
discrete_diarization ━━━━━━━━━━━━━━━━━━━━━━━━━━━━━━━━━━━━━━━━ 100% 0:00:00
Segment 0 saved from 10189 to 10763 milliseconds.
Segment 1 saved from 11708 to 14627 milliseconds.
Segment 2 saved from 15387 to 16433 milliseconds.
Segment 3 saved from 16652 to 17040 milliseconds.
Segment 4 saved from 17462 to 18002 milliseconds.
Segment 5 saved from 18795 to 20601 milliseconds.
Segment 6 saved from 21327 to 21799 milliseconds.
Segment 7 saved from 25073 to 27233 milliseconds.
Segment 8 saved from 27537 to 28465 milliseconds.
Segment 9 saved from 29089 to 33409 milliseconds.
Segment 10 saved from 33983 to 35856 milliseconds.
Segment 11 saved from 36430 to 38067 milliseconds.
Segment 12 saved from 38033 to 44294 milliseconds.
Segment 13 saved from 38067 to 38387 milliseconds.
Segment 14 saved from 38387 to 38438 milliseconds.
Segment 15 saved from 38438 to 38455 milliseconds.
Segment 16 saved from 38455 to 38624 milliseconds.
Segment 17 saved from 45222 to 45694 milliseconds.
Segment 18 saved from 46200 to 54030 milliseconds.
Segment 19 saved from 54621 to 54824 milliseconds.
Segment 20 saved from 55549 to 59025 milliseconds.
Segment 21 saved from 60139 to 67260 milliseconds.
Segment 22 saved from 67851 to 68324 milliseconds.
Segment 23 saved from 68847 to 71952 milliseconds.
Segment 24 saved from 72812 to 82414 milliseconds.
Segment 25 saved from 83022 to 83190 milliseconds.
Segment 26 saved from 83865 to 84304 milliseconds.
Segment 27 saved from 86717 to 89552 milliseconds.
Segment 28 saved from 90194 to 92995 milliseconds.
Segment 29 saved from 95492 to 98648 milliseconds.
Segment 30 saved from 99374 to 108756 milliseconds.
Segment 31 saved from 109802 to 122864 milliseconds.
Segment 32 saved from 114392 to 114426 milliseconds.
Segment 33 saved from 114426 to 114629 milliseconds.
Segment 34 saved from 122121 to 122762 milliseconds.
Segment 35 saved from 122914 to 126374 milliseconds.
Segment 36 saved from 126475 to 130035 milliseconds.
Segment 37 saved from 128466 to 129377 milliseconds.
Segment 38 saved from 130137 to 131875 milliseconds.
Segment 39 saved from 133377 to 136735 milliseconds.
Segment 40 saved from 135098 to 135621 milliseconds.
Segment 41 saved from 135891 to 137207 milliseconds.
Segment 42 saved from 138270 to 142860 milliseconds.
Segment 43 saved from 142995 to 143029 milliseconds.
Segment 44 saved from 143367 to 143603 milliseconds.
Segment 45 saved from 143603 to 145139 milliseconds.
Segment 46 saved from 143620 to 145527 milliseconds.
Segment 47 saved from 145965 to 159246 milliseconds.
Segment 48 saved from 159246 to 168983 milliseconds.
Segment 49 saved from 163701 to 163988 milliseconds.
Segment 50 saved from 163988 to 164022 milliseconds.
Segment 51 saved from 165422 to 165439 milliseconds.
Segment 52 saved from 165439 to 165608 milliseconds.
Segment 53 saved from 167279 to 167751 milliseconds.
Segment 54 saved from 169844 to 180492 milliseconds.
Segment 55 saved from 181251 to 185875 milliseconds.
Segment 56 saved from 186499 to 190532 milliseconds.
Segment 57 saved from 190937 to 193013 milliseconds.
Segment 58 saved from 193722 to 196084 milliseconds.
Segment 59 saved from 196641 to 203779 milliseconds.
Segment 60 saved from 204640 to 204674 milliseconds.
Segment 61 saved from 204674 to 207120 milliseconds.
Segment 62 saved from 204960 to 206294 milliseconds.
Segment 63 saved from 207120 to 207559 milliseconds.
Segment 64 saved from 207188 to 218444 milliseconds.
Segment 65 saved from 211677 to 211947 milliseconds.
Segment 66 saved from 214613 to 215474 milliseconds.
Segment 67 saved from 219692 to 224063 milliseconds.
Segment 68 saved from 219878 to 220013 milliseconds.
Segment 69 saved from 220013 to 220806 milliseconds.
Segment 70 saved from 220823 to 221042 milliseconds.
Segment 71 saved from 222240 to 225531 milliseconds.
Segment 72 saved from 225970 to 226392 milliseconds.
Segment 73 saved from 226932 to 227927 milliseconds.
Segment 74 saved from 228332 to 248920 milliseconds.
Segment 75 saved from 242879 to 242912 milliseconds.
Segment 76 saved from 242912 to 243351 milliseconds.
Segment 77 saved from 249105 to 251282 milliseconds.
Segment 78 saved from 249190 to 255164 milliseconds.
Segment 79 saved from 255704 to 256092 milliseconds.
Segment 80 saved from 256463 to 262335 milliseconds.
Segment 81 saved from 259112 to 259770 milliseconds.
Segment 82 saved from 261846 to 274654 milliseconds.
Segment 83 saved from 263854 to 264580 milliseconds.
Segment 84 saved from 275211 to 283615 milliseconds.
Segment 85 saved from 284003 to 284239 milliseconds.
Segment 86 saved from 285674 to 293554 milliseconds.
Segment 87 saved from 289234 to 290601 milliseconds.
Segment 88 saved from 293706 to 300557 milliseconds.
Segment 89 saved from 293740 to 295343 milliseconds.
Segment 90 saved from 299747 to 301823 milliseconds.
Segment 91 saved from 302245 to 302262 milliseconds.
Segment 92 saved from 302262 to 302599 milliseconds.
Segment 93 saved from 302599 to 305620 milliseconds.
Segment 94 saved from 305924 to 306902 milliseconds.
Segment 95 saved from 307088 to 308337 milliseconds.
Segment 96 saved from 308894 to 322630 milliseconds.
Segment 97 saved from 318428 to 318732 milliseconds.
Segment 98 saved from 322613 to 331590 milliseconds.
Segment 99 saved from 324284 to 324874 milliseconds.
Segment 100 saved from 328958 to 339589 milliseconds.
Segment 101 saved from 335607 to 335927 milliseconds.
Segment 102 saved from 340500 to 346373 milliseconds.
Segment 103 saved from 344804 to 345107 milliseconds.
Segment 104 saved from 347385 to 357949 milliseconds.
Segment 105 saved from 354962 to 357882 milliseconds.
Segment 106 saved from 358675 to 362354 milliseconds.
Segment 107 saved from 362539 to 373204 milliseconds.
Segment 108 saved from 362995 to 364328 milliseconds.
Segment 109 saved from 373086 to 376444 milliseconds.
Segment 110 saved from 376444 to 376967 milliseconds.
Segment 111 saved from 376461 to 376883 milliseconds.
Segment 112 saved from 376967 to 377406 milliseconds.
Segment 113 saved from 377406 to 378199 milliseconds.
Segment 114 saved from 378655 to 379026 milliseconds.
Segment 115 saved from 379026 to 379043 milliseconds.
Segment 116 saved from 379043 to 379060 milliseconds.
Segment 117 saved from 379060 to 379077 milliseconds.
Segment 118 saved from 379077 to 379094 milliseconds.
Segment 119 saved from 379094 to 379110 milliseconds.
Segment 120 saved from 383954 to 388307 milliseconds.
Segment 121 saved from 388628 to 393015 milliseconds.
Segment 122 saved from 394720 to 400019 milliseconds.
Segment 123 saved from 400272 to 402432 milliseconds.
Segment 124 saved from 402567 to 404085 milliseconds.
Segment 125 saved from 404457 to 405064 milliseconds.
Segment 126 saved from 405807 to 413502 milliseconds.
Segment 127 saved from 406212 to 406718 milliseconds.
Segment duration longer than 29 seconds: 116842
Treshold: -50
Treshold: -45
Treshold: -40
Treshold: -35
Treshold: -30
Subsegment 128 saved from 0 to 26511 milliseconds.
Subsegment 129 saved from 26511 to 38464 milliseconds.
Subsegment 130 saved from 38464 to 66369 milliseconds.
Subsegment 131 saved from 66369 to 89313 milliseconds.
Subsegment 132 saved from 89313 to 116842 milliseconds.
Segment 133 saved from 536487 to 537027 milliseconds.
Segment 134 saved from 538394 to 540992 milliseconds.
Segment duration longer than 29 seconds: 30156
Treshold: -50
Treshold: -45
Treshold: -40
Treshold: -35
Treshold: -30
Subsegment 135 saved from 0 to 25319 milliseconds.
Subsegment 136 saved from 25319 to 30156 milliseconds.
Segment 137 saved from 572819 to 572835 milliseconds.
Segment 138 saved from 572835 to 572937 milliseconds.
Segment 139 saved from 572937 to 572954 milliseconds.
Segment 140 saved from 572954 to 572970 milliseconds.
Segment 141 saved from 572970 to 573375 milliseconds.
Segment 142 saved from 574455 to 585660 milliseconds.
Segment 143 saved from 586437 to 586740 milliseconds.
Segment 144 saved from 587348 to 592900 milliseconds.
Segment 145 saved from 594081 to 595448 milliseconds.
Segment 146 saved from 596275 to 602367 milliseconds.
Segment 147 saved from 602569 to 603683 milliseconds.
Segment duration longer than 29 seconds: 30578
Treshold: -50
Treshold: -45
Treshold: -40
Subsegment 148 saved from 0 to 17342 milliseconds.
Subsegment 149 saved from 17342 to 30578 milliseconds.
Segment duration longer than 29 seconds: 33007
Treshold: -50
Treshold: -45
Treshold: -40
Treshold: -35
Subsegment 150 saved from 0 to 18679 milliseconds.
Subsegment 151 saved from 18679 to 33007 milliseconds.
Segment 152 saved from 670474 to 699314 milliseconds.
Segment 153 saved from 700866 to 728963 milliseconds.
Segment 154 saved from 729402 to 729908 milliseconds.
Segment 155 saved from 731545 to 735173 milliseconds.
Segment 156 saved from 736270 to 763827 milliseconds.
Segment 157 saved from 764856 to 765430 milliseconds.
Segment 158 saved from 766071 to 791552 milliseconds.
Segment 159 saved from 792329 to 792599 milliseconds.
Segment 160 saved from 795518 to 799129 milliseconds.
Segment 161 saved from 800378 to 803264 milliseconds.
Segment 162 saved from 804799 to 805829 milliseconds.
Segment 163 saved from 806234 to 824999 milliseconds.
Segment 164 saved from 814435 to 815481 milliseconds.
Segment 165 saved from 815802 to 816510 milliseconds.
Segment 166 saved from 824762 to 846312 milliseconds.
Segment 167 saved from 827445 to 827935 milliseconds.
Segment 168 saved from 836744 to 838009 milliseconds.
Segment 169 saved from 847004 to 847290 milliseconds.
Segment 170 saved from 849383 to 853180 milliseconds.
Segment duration longer than 29 seconds: 32569
Treshold: -50
Treshold: -45
Treshold: -40
Treshold: -35
Subsegment 171 saved from 0 to 7049 milliseconds.
Subsegment 172 saved from 7049 to 32569 milliseconds.
Segment 173 saved from 888263 to 895519 milliseconds.
Segment 174 saved from 895080 to 895418 milliseconds.
Segment 175 saved from 895587 to 920005 milliseconds.
Segment 176 saved from 921237 to 927092 milliseconds.
Segment 177 saved from 921777 to 922199 milliseconds.
Segment 178 saved from 923194 to 923785 milliseconds.
Segment 179 saved from 926839 to 931345 milliseconds.
Segment 180 saved from 929286 to 938550 milliseconds.
Segment 181 saved from 935260 to 935665 milliseconds.
Segment 182 saved from 937909 to 942617 milliseconds.
Segment 183 saved from 942432 to 945149 milliseconds.
Segment 184 saved from 944423 to 944862 milliseconds.
Segment 185 saved from 945486 to 950093 milliseconds.
Segment 186 saved from 946026 to 946600 milliseconds.
Segment 187 saved from 949637 to 949958 milliseconds.
Segment 188 saved from 949958 to 950025 milliseconds.
Segment 189 saved from 950970 to 951004 milliseconds.
Segment 190 saved from 951004 to 951426 milliseconds.
Segment 191 saved from 951899 to 952388 milliseconds.
Segment 192 saved from 953890 to 960269 milliseconds.
Segment 193 saved from 960690 to 978645 milliseconds.
Segment 194 saved from 961770 to 962142 milliseconds.
Segment 195 saved from 979810 to 983505 milliseconds.
Segment 196 saved from 983708 to 1005882 milliseconds.
Segment 197 saved from 990627 to 990947 milliseconds.
Segment 198 saved from 1004599 to 1005932 milliseconds.
Segment 199 saved from 1006979 to 1010792 milliseconds.
Segment 200 saved from 1012497 to 1018572 milliseconds.
Segment 201 saved from 1019483 to 1023887 milliseconds.
Segment 202 saved from 1024343 to 1036679 milliseconds.
Segment 203 saved from 1033675 to 1034181 milliseconds.
Segment 204 saved from 1036881 to 1047749 milliseconds.
Segment 205 saved from 1048947 to 1053621 milliseconds.
Segment 206 saved from 1052879 to 1054414 milliseconds.
Segment 207 saved from 1053621 to 1053638 milliseconds.
Segment 208 saved from 1054414 to 1054667 milliseconds.
Segment 209 saved from 1054870 to 1056827 milliseconds.
Segment 210 saved from 1054920 to 1055157 milliseconds.
Diarization has completed.
