Audio device: cuda
Found audio file: assets/audios/dialogo_filtrado_rg_3.wav
Diarization has started: assets/audios/dialogo_filtrado_rg_3.wav
Diarization model loaded.
<pyannote.audio.pipelines.speaker_diarization.SpeakerDiarization object at 0x7a4ea91d9d50>
segmentation         ━━━━━━━━━━━━━━━━━━━━━━━━━━━━━━━━━━━━━━━━ 100% 0:00:00
speaker_counting     ━━━━━━━━━━━━━━━━━━━━━━━━━━━━━━━━━━━━━━━━ 100% 0:00:00
embeddings           ━━━━━━━━━━━━━━━━━━━━━━━━━━━━━━━━━━━━━━━━ 100% 0:03:36
discrete_diarization ━━━━━━━━━━━━━━━━━━━━━━━━━━━━━━━━━━━━━━━━ 100% 0:00:00
Segment 0 saved from 2477 to 13598 milliseconds. With a duration of 11121 milliseconds.
Segment 1 saved from 14880 to 18660 milliseconds. With a duration of 3780 milliseconds.
Segment 2 saved from 19572 to 23993 milliseconds. With a duration of 4421 milliseconds.
Segment 3 saved from 25309 to 28414 milliseconds. With a duration of 3105 milliseconds.
Segment 4 saved from 29123 to 36970 milliseconds. With a duration of 7847 milliseconds.
Segment 5 saved from 36970 to 42775 milliseconds. With a duration of 5805 milliseconds.
Segment 6 saved from 43517 to 53018 milliseconds. With a duration of 9501 milliseconds.
Segment 7 saved from 53018 to 58874 milliseconds. With a duration of 5856 milliseconds.
Segment 8 saved from 59346 to 62856 milliseconds. With a duration of 3510 milliseconds.
Segment 9 saved from 65219 to 67109 milliseconds. With a duration of 1890 milliseconds.
Segment 10 saved from 67800 to 71834 milliseconds. With a duration of 4034 milliseconds.
Segment 11 saved from 71834 to 87038 milliseconds. With a duration of 15204 milliseconds.
Segment 12 saved from 87038 to 92640 milliseconds. With a duration of 5602 milliseconds.
Segment duration longer than 29 seconds: 33582
Treshold: -50
Subsegment 13 saved from 0 to 21631 milliseconds. With a duration of 21631 milliseconds.
Subsegment 14 saved from 21631 to 33582 milliseconds. With a duration of 11951 milliseconds.
Segment 15 saved from 127032 to 135165 milliseconds. With a duration of 8133 milliseconds.
Segment 16 saved from 135165 to 139890 milliseconds. With a duration of 4725 milliseconds.
Segment 17 saved from 140430 to 144700 milliseconds. With a duration of 4270 milliseconds.
Segment 18 saved from 145155 to 163195 milliseconds. With a duration of 18040 milliseconds.
Segment 19 saved from 166637 to 174450 milliseconds. With a duration of 7813 milliseconds.
Segment 20 saved from 174450 to 175817 milliseconds. With a duration of 1367 milliseconds.
Segment 21 saved from 176864 to 181538 milliseconds. With a duration of 4674 milliseconds.
Segment 22 saved from 182415 to 189503 milliseconds. With a duration of 7088 milliseconds.
Segment 23 saved from 190195 to 194886 milliseconds. With a duration of 4691 milliseconds.
Segment 24 saved from 195747 to 199679 milliseconds. With a duration of 3932 milliseconds.
Segment 25 saved from 201113 to 214292 milliseconds. With a duration of 13179 milliseconds.
Segment 26 saved from 214849 to 221025 milliseconds. With a duration of 6176 milliseconds.
Segment 27 saved from 221025 to 224181 milliseconds. With a duration of 3156 milliseconds.
Segment 28 saved from 224687 to 227472 milliseconds. With a duration of 2785 milliseconds.
Segment 29 saved from 227472 to 227910 milliseconds. With a duration of 438 milliseconds.
Segment 30 saved from 227910 to 237023 milliseconds. With a duration of 9113 milliseconds.
Segment 31 saved from 237023 to 246878 milliseconds. With a duration of 9855 milliseconds.
Segment 32 saved from 247182 to 250034 milliseconds. With a duration of 2852 milliseconds.
Segment 33 saved from 250590 to 254252 milliseconds. With a duration of 3662 milliseconds.
Segment 34 saved from 254252 to 259079 milliseconds. With a duration of 4827 milliseconds.
Segment 35 saved from 259079 to 266622 milliseconds. With a duration of 7543 milliseconds.
Segment 36 saved from 267297 to 272224 milliseconds. With a duration of 4927 milliseconds.
Segment 37 saved from 272899 to 278839 milliseconds. With a duration of 5940 milliseconds.
Segment 38 saved from 279278 to 285302 milliseconds. With a duration of 6024 milliseconds.
Segment 39 saved from 285302 to 287969 milliseconds. With a duration of 2667 milliseconds.
Segment 40 saved from 287969 to 313889 milliseconds. With a duration of 25920 milliseconds.
Segment 41 saved from 313889 to 320453 milliseconds. With a duration of 6564 milliseconds.
Segment 42 saved from 321027 to 327034 milliseconds. With a duration of 6007 milliseconds.
Segment 43 saved from 327034 to 327962 milliseconds. With a duration of 928 milliseconds.
Segment 44 saved from 327962 to 344027 milliseconds. With a duration of 16065 milliseconds.
Segment 45 saved from 344027 to 344972 milliseconds. With a duration of 945 milliseconds.
Segment 46 saved from 344972 to 349022 milliseconds. With a duration of 4050 milliseconds.
Segment 47 saved from 349022 to 353967 milliseconds. With a duration of 4945 milliseconds.
Segment 48 saved from 353967 to 363029 milliseconds. With a duration of 9062 milliseconds.
Segment 49 saved from 363029 to 363687 milliseconds. With a duration of 658 milliseconds.
Segment 50 saved from 363687 to 364024 milliseconds. With a duration of 337 milliseconds.
Segment 51 saved from 364024 to 368597 milliseconds. With a duration of 4573 milliseconds.
Segment 52 saved from 369239 to 373002 milliseconds. With a duration of 3763 milliseconds.
Segment 53 saved from 373424 to 378233 milliseconds. With a duration of 4809 milliseconds.
Segment 54 saved from 378604 to 382064 milliseconds. With a duration of 3460 milliseconds.
Segment 55 saved from 382671 to 389168 milliseconds. With a duration of 6497 milliseconds.
Segment 56 saved from 389607 to 396711 milliseconds. With a duration of 7104 milliseconds.
Segment 57 saved from 396897 to 401436 milliseconds. With a duration of 4539 milliseconds.
Segment 58 saved from 401588 to 404018 milliseconds. With a duration of 2430 milliseconds.
Segment 59 saved from 404575 to 406549 milliseconds. With a duration of 1974 milliseconds.
Segment 60 saved from 407039 to 408422 milliseconds. With a duration of 1383 milliseconds.
Diarization has completed.
Found audio file: assets/audios/C2_Cambridge.wav
Diarization has started: assets/audios/C2_Cambridge.wav
Removing existing directory: cache/diarized_audios/C2_Cambridge before creating a new one.
Diarization model loaded.
<pyannote.audio.pipelines.speaker_diarization.SpeakerDiarization object at 0x7a4ea81d50d0>
segmentation         ━━━━━━━━━━━━━━━━━━━━━━━━━━━━━━━━━━━━━━━━ 100% 0:00:01
speaker_counting     ━━━━━━━━━━━━━━━━━━━━━━━━━━━━━━━━━━━━━━━━ 100% 0:00:00
embeddings           ━━━━━━━━━━━━━━━━━━━━━━━━━━━━━━━━━━━━━━━━ 100% 0:07:55
discrete_diarization ━━━━━━━━━━━━━━━━━━━━━━━━━━━━━━━━━━━━━━━━ 100% 0:00:00
Segment 0 saved from 10189 to 17040 milliseconds. With a duration of 6851 milliseconds.
Segment 1 saved from 17462 to 18002 milliseconds. With a duration of 540 milliseconds.
Segment 2 saved from 18795 to 28465 milliseconds. With a duration of 9670 milliseconds.
Segment 3 saved from 29089 to 33409 milliseconds. With a duration of 4320 milliseconds.
Segment 4 saved from 33983 to 36447 milliseconds. With a duration of 2464 milliseconds.
Segment 5 saved from 36447 to 38067 milliseconds. With a duration of 1620 milliseconds.
Segment 6 saved from 38033 to 44294 milliseconds. With a duration of 6261 milliseconds.
Segment 7 saved from 45222 to 54824 milliseconds. With a duration of 9602 milliseconds.
Segment 8 saved from 55549 to 59025 milliseconds. With a duration of 3476 milliseconds.
Segment 9 saved from 60139 to 67260 milliseconds. With a duration of 7121 milliseconds.
Segment 10 saved from 67851 to 71952 milliseconds. With a duration of 4101 milliseconds.
Segment 11 saved from 72812 to 83190 milliseconds. With a duration of 10378 milliseconds.
Segment 12 saved from 83865 to 108756 milliseconds. With a duration of 24891 milliseconds.
Segment 13 saved from 109802 to 122864 milliseconds. With a duration of 13062 milliseconds.
Segment 14 saved from 122914 to 126374 milliseconds. With a duration of 3460 milliseconds.
Segment 15 saved from 126475 to 136735 milliseconds. With a duration of 10260 milliseconds.
Segment 16 saved from 135891 to 137207 milliseconds. With a duration of 1316 milliseconds.
Segment 17 saved from 138270 to 143603 milliseconds. With a duration of 5333 milliseconds.
Segment 18 saved from 143603 to 145139 milliseconds. With a duration of 1536 milliseconds.
Segment 19 saved from 143620 to 145527 milliseconds. With a duration of 1907 milliseconds.
Segment 20 saved from 145965 to 159246 milliseconds. With a duration of 13281 milliseconds.
Segment 21 saved from 159246 to 168983 milliseconds. With a duration of 9737 milliseconds.
Segment 22 saved from 169844 to 196084 milliseconds. With a duration of 26240 milliseconds.
Segment 23 saved from 196641 to 204674 milliseconds. With a duration of 8033 milliseconds.
Segment 24 saved from 204674 to 207120 milliseconds. With a duration of 2446 milliseconds.
Segment 25 saved from 207120 to 207576 milliseconds. With a duration of 456 milliseconds.
Segment 26 saved from 207576 to 218444 milliseconds. With a duration of 10868 milliseconds.
Segment 27 saved from 219692 to 224063 milliseconds. With a duration of 4371 milliseconds.
Segment 28 saved from 222240 to 225531 milliseconds. With a duration of 3291 milliseconds.
Segment 29 saved from 225970 to 227927 milliseconds. With a duration of 1957 milliseconds.
Segment 30 saved from 228332 to 248920 milliseconds. With a duration of 20588 milliseconds.
Segment 31 saved from 249105 to 251282 milliseconds. With a duration of 2177 milliseconds.
Segment 32 saved from 249190 to 255164 milliseconds. With a duration of 5974 milliseconds.
Segment 33 saved from 255704 to 256092 milliseconds. With a duration of 388 milliseconds.
Segment 34 saved from 256463 to 262335 milliseconds. With a duration of 5872 milliseconds.
Segment 35 saved from 261846 to 274654 milliseconds. With a duration of 12808 milliseconds.
Segment 36 saved from 275211 to 300557 milliseconds. With a duration of 25346 milliseconds.
Segment 37 saved from 299747 to 302262 milliseconds. With a duration of 2515 milliseconds.
Segment 38 saved from 302262 to 302599 milliseconds. With a duration of 337 milliseconds.
Segment 39 saved from 302599 to 305620 milliseconds. With a duration of 3021 milliseconds.
Segment 40 saved from 305924 to 306902 milliseconds. With a duration of 978 milliseconds.
Segment 41 saved from 307088 to 308337 milliseconds. With a duration of 1249 milliseconds.
Segment 42 saved from 308894 to 322630 milliseconds. With a duration of 13736 milliseconds.
Segment 43 saved from 322613 to 331590 milliseconds. With a duration of 8977 milliseconds.
Segment 44 saved from 328958 to 339589 milliseconds. With a duration of 10631 milliseconds.
Segment 45 saved from 340500 to 346373 milliseconds. With a duration of 5873 milliseconds.
Segment 46 saved from 347385 to 362354 milliseconds. With a duration of 14969 milliseconds.
Segment 47 saved from 362539 to 373204 milliseconds. With a duration of 10665 milliseconds.
Segment 48 saved from 373086 to 376444 milliseconds. With a duration of 3358 milliseconds.
Segment 49 saved from 376444 to 376967 milliseconds. With a duration of 523 milliseconds.
Segment 50 saved from 376967 to 377406 milliseconds. With a duration of 439 milliseconds.
Segment 51 saved from 377406 to 378199 milliseconds. With a duration of 793 milliseconds.
Segment 52 saved from 378655 to 379110 milliseconds. With a duration of 455 milliseconds.
Segment duration longer than 29 seconds: 29548
Treshold: -50
Treshold: -45
Treshold: -40
Subsegment 53 saved from 0 to 10263 milliseconds. With a duration of 10263 milliseconds.
Subsegment 54 saved from 10263 to 29548 milliseconds. With a duration of 19285 milliseconds.
Segment duration longer than 29 seconds: 116842
Treshold: -50
Treshold: -45
Treshold: -40
Treshold: -35
Treshold: -30
Subsegment 55 saved from 0 to 26511 milliseconds. With a duration of 26511 milliseconds.
Subsegment 56 saved from 26511 to 38464 milliseconds. With a duration of 11953 milliseconds.
Subsegment 57 saved from 38464 to 66369 milliseconds. With a duration of 27905 milliseconds.
Subsegment 58 saved from 66369 to 89313 milliseconds. With a duration of 22944 milliseconds.
Subsegment 59 saved from 89313 to 116842 milliseconds. With a duration of 27529 milliseconds.
Segment 60 saved from 536487 to 540992 milliseconds. With a duration of 4505 milliseconds.
Segment duration longer than 29 seconds: 31016
Treshold: -50
Treshold: -45
Treshold: -40
Treshold: -35
Treshold: -30
Subsegment 61 saved from 0 to 23316 milliseconds. With a duration of 23316 milliseconds.
Subsegment 62 saved from 23316 to 31016 milliseconds. With a duration of 7700 milliseconds.
Segment 63 saved from 572970 to 573375 milliseconds. With a duration of 405 milliseconds.
Segment 64 saved from 574455 to 585660 milliseconds. With a duration of 11205 milliseconds.
Segment 65 saved from 586437 to 602367 milliseconds. With a duration of 15930 milliseconds.
Segment duration longer than 29 seconds: 126394
Treshold: -50
Treshold: -45
Treshold: -40
Treshold: -35
Subsegment 66 saved from 0 to 19313 milliseconds. With a duration of 19313 milliseconds.
Subsegment 67 saved from 19313 to 32616 milliseconds. With a duration of 13303 milliseconds.
Subsegment 68 saved from 32616 to 51552 milliseconds. With a duration of 18936 milliseconds.
Subsegment 69 saved from 51552 to 77796 milliseconds. With a duration of 26244 milliseconds.
Subsegment 70 saved from 77796 to 97455 milliseconds. With a duration of 19659 milliseconds.
Subsegment 71 saved from 97455 to 126394 milliseconds. With a duration of 28939 milliseconds.
Segment 72 saved from 729402 to 735173 milliseconds. With a duration of 5771 milliseconds.
Segment 73 saved from 736270 to 763827 milliseconds. With a duration of 27557 milliseconds.
Segment 74 saved from 764856 to 765430 milliseconds. With a duration of 574 milliseconds.
Segment 75 saved from 766071 to 792599 milliseconds. With a duration of 26528 milliseconds.
Segment 76 saved from 795518 to 803264 milliseconds. With a duration of 7746 milliseconds.
Segment 77 saved from 804799 to 824999 milliseconds. With a duration of 20200 milliseconds.
Segment 78 saved from 824762 to 847290 milliseconds. With a duration of 22528 milliseconds.
Segment 79 saved from 849383 to 853180 milliseconds. With a duration of 3797 milliseconds.
Segment duration longer than 29 seconds: 32569
Treshold: -50
Treshold: -45
Treshold: -40
Treshold: -35
Subsegment 80 saved from 0 to 7049 milliseconds. With a duration of 7049 milliseconds.
Subsegment 81 saved from 7049 to 32569 milliseconds. With a duration of 25520 milliseconds.
Segment duration longer than 29 seconds: 38829
Treshold: -50
Treshold: -45
Treshold: -40
Treshold: -35
Treshold: -30
Subsegment 82 saved from 0 to 20131 milliseconds. With a duration of 20131 milliseconds.
Subsegment 83 saved from 20131 to 38829 milliseconds. With a duration of 18698 milliseconds.
Segment 84 saved from 926839 to 931345 milliseconds. With a duration of 4506 milliseconds.
Segment 85 saved from 929286 to 938550 milliseconds. With a duration of 9264 milliseconds.
Segment 86 saved from 937909 to 942617 milliseconds. With a duration of 4708 milliseconds.
Segment 87 saved from 942432 to 951038 milliseconds. With a duration of 8606 milliseconds.
Segment 88 saved from 951038 to 951426 milliseconds. With a duration of 388 milliseconds.
Segment 89 saved from 951899 to 952388 milliseconds. With a duration of 489 milliseconds.
Segment 90 saved from 953890 to 960269 milliseconds. With a duration of 6379 milliseconds.
Segment 91 saved from 960690 to 983505 milliseconds. With a duration of 22815 milliseconds.
Segment 92 saved from 983708 to 1005882 milliseconds. With a duration of 22174 milliseconds.
Segment 93 saved from 1004599 to 1010792 milliseconds. With a duration of 6193 milliseconds.
Segment 94 saved from 1012497 to 1036679 milliseconds. With a duration of 24182 milliseconds.
Segment 95 saved from 1036881 to 1047749 milliseconds. With a duration of 10868 milliseconds.
Segment 96 saved from 1048947 to 1053621 milliseconds. With a duration of 4674 milliseconds.
Segment 97 saved from 1052879 to 1054667 milliseconds. With a duration of 1788 milliseconds.
Segment 98 saved from 1054870 to 1056827 milliseconds. With a duration of 1957 milliseconds.
Diarization has completed.
Found audio file: assets/audios/dialogo_filtrado_rg_2.wav
Diarization has started: assets/audios/dialogo_filtrado_rg_2.wav
Diarization model loaded.
<pyannote.audio.pipelines.speaker_diarization.SpeakerDiarization object at 0x7a4ea7f4b250>
segmentation         ━━━━━━━━━━━━━━━━━━━━━━━━━━━━━━━━━━━━━━━━ 100% 0:00:00
speaker_counting     ━━━━━━━━━━━━━━━━━━━━━━━━━━━━━━━━━━━━━━━━ 100% 0:00:00
embeddings           ━━━━━━━━━━━━━━━━━━━━━━━━━━━━━━━━━━━━━━━━ 100% 0:03:36
discrete_diarization ━━━━━━━━━━━━━━━━━━━━━━━━━━━━━━━━━━━━━━━━ 100% 0:00:00
Segment 0 saved from 2477 to 13598 milliseconds. With a duration of 11121 milliseconds.
Segment 1 saved from 14880 to 18660 milliseconds. With a duration of 3780 milliseconds.
Segment 2 saved from 19572 to 23993 milliseconds. With a duration of 4421 milliseconds.
Segment 3 saved from 25309 to 28414 milliseconds. With a duration of 3105 milliseconds.
Segment 4 saved from 29123 to 36970 milliseconds. With a duration of 7847 milliseconds.
Segment 5 saved from 36970 to 42775 milliseconds. With a duration of 5805 milliseconds.
Segment 6 saved from 43517 to 53018 milliseconds. With a duration of 9501 milliseconds.
Segment 7 saved from 53018 to 58874 milliseconds. With a duration of 5856 milliseconds.
Segment 8 saved from 59346 to 62856 milliseconds. With a duration of 3510 milliseconds.
Segment 9 saved from 65219 to 67109 milliseconds. With a duration of 1890 milliseconds.
Segment 10 saved from 67800 to 71834 milliseconds. With a duration of 4034 milliseconds.
Segment 11 saved from 71834 to 87038 milliseconds. With a duration of 15204 milliseconds.
Segment 12 saved from 87038 to 92640 milliseconds. With a duration of 5602 milliseconds.
Segment duration longer than 29 seconds: 33582
Treshold: -50
Subsegment 13 saved from 0 to 21632 milliseconds. With a duration of 21632 milliseconds.
Subsegment 14 saved from 21632 to 33582 milliseconds. With a duration of 11950 milliseconds.
Segment 15 saved from 127032 to 135165 milliseconds. With a duration of 8133 milliseconds.
Segment 16 saved from 135165 to 139890 milliseconds. With a duration of 4725 milliseconds.
Segment 17 saved from 140430 to 144700 milliseconds. With a duration of 4270 milliseconds.
Segment 18 saved from 145155 to 163195 milliseconds. With a duration of 18040 milliseconds.
Segment 19 saved from 166637 to 174450 milliseconds. With a duration of 7813 milliseconds.
Segment 20 saved from 174450 to 175817 milliseconds. With a duration of 1367 milliseconds.
Segment 21 saved from 176864 to 181538 milliseconds. With a duration of 4674 milliseconds.
Segment 22 saved from 182415 to 189503 milliseconds. With a duration of 7088 milliseconds.
Segment 23 saved from 190195 to 194886 milliseconds. With a duration of 4691 milliseconds.
Segment 24 saved from 195747 to 199679 milliseconds. With a duration of 3932 milliseconds.
Segment 25 saved from 201113 to 214275 milliseconds. With a duration of 13162 milliseconds.
Segment 26 saved from 214849 to 221025 milliseconds. With a duration of 6176 milliseconds.
Segment 27 saved from 221025 to 224181 milliseconds. With a duration of 3156 milliseconds.
Segment 28 saved from 224687 to 227455 milliseconds. With a duration of 2768 milliseconds.
Segment 29 saved from 227455 to 227894 milliseconds. With a duration of 439 milliseconds.
Segment 30 saved from 227894 to 237023 milliseconds. With a duration of 9129 milliseconds.
Segment 31 saved from 237023 to 246878 milliseconds. With a duration of 9855 milliseconds.
Segment 32 saved from 247182 to 250034 milliseconds. With a duration of 2852 milliseconds.
Segment 33 saved from 250590 to 254269 milliseconds. With a duration of 3679 milliseconds.
Segment 34 saved from 254269 to 259079 milliseconds. With a duration of 4810 milliseconds.
Segment 35 saved from 259079 to 266622 milliseconds. With a duration of 7543 milliseconds.
Segment 36 saved from 267297 to 272241 milliseconds. With a duration of 4944 milliseconds.
Segment 37 saved from 272899 to 278839 milliseconds. With a duration of 5940 milliseconds.
Segment 38 saved from 279278 to 285302 milliseconds. With a duration of 6024 milliseconds.
Segment 39 saved from 285302 to 286467 milliseconds. With a duration of 1165 milliseconds.
Segment 40 saved from 286467 to 287243 milliseconds. With a duration of 776 milliseconds.
Segment 41 saved from 287243 to 287969 milliseconds. With a duration of 726 milliseconds.
Segment 42 saved from 287969 to 313922 milliseconds. With a duration of 25953 milliseconds.
Segment 43 saved from 313922 to 320453 milliseconds. With a duration of 6531 milliseconds.
Segment 44 saved from 321027 to 327034 milliseconds. With a duration of 6007 milliseconds.
Segment 45 saved from 327034 to 327962 milliseconds. With a duration of 928 milliseconds.
Segment 46 saved from 327962 to 349697 milliseconds. With a duration of 21735 milliseconds.
Segment 47 saved from 350170 to 352971 milliseconds. With a duration of 2801 milliseconds.
Segment 48 saved from 352971 to 363029 milliseconds. With a duration of 10058 milliseconds.
Segment 49 saved from 363029 to 363585 milliseconds. With a duration of 556 milliseconds.
Segment 50 saved from 363585 to 364024 milliseconds. With a duration of 439 milliseconds.
Segment 51 saved from 364024 to 368597 milliseconds. With a duration of 4573 milliseconds.
Segment 52 saved from 369239 to 373002 milliseconds. With a duration of 3763 milliseconds.
Segment 53 saved from 373424 to 378233 milliseconds. With a duration of 4809 milliseconds.
Segment 54 saved from 378604 to 382064 milliseconds. With a duration of 3460 milliseconds.
Segment 55 saved from 382671 to 389168 milliseconds. With a duration of 6497 milliseconds.
Segment 56 saved from 389607 to 396711 milliseconds. With a duration of 7104 milliseconds.
Segment 57 saved from 396897 to 401436 milliseconds. With a duration of 4539 milliseconds.
Segment 58 saved from 401588 to 404018 milliseconds. With a duration of 2430 milliseconds.
Segment 59 saved from 404575 to 406549 milliseconds. With a duration of 1974 milliseconds.
Segment 60 saved from 407039 to 408422 milliseconds. With a duration of 1383 milliseconds.
Diarization has completed.
Found audio file: assets/audios/dialogo_roman_gabriel.wav
Diarization has started: assets/audios/dialogo_roman_gabriel.wav
Removing existing directory: cache/diarized_audios/dialogo_roman_gabriel before creating a new one.
Diarization model loaded.
<pyannote.audio.pipelines.speaker_diarization.SpeakerDiarization object at 0x7a4ea7f4b250>
segmentation         ━━━━━━━━━━━━━━━━━━━━━━━━━━━━━━━━━━━━━━━━ 100% 0:00:00
speaker_counting     ━━━━━━━━━━━━━━━━━━━━━━━━━━━━━━━━━━━━━━━━ 100% 0:00:00
embeddings           ━━━━━━━━━━━━━━━━━━━━━━━━━━━━━━━━━━━━━━━━ 100% 0:02:59
discrete_diarization ━━━━━━━━━━━━━━━━━━━━━━━━━━━━━━━━━━━━━━━━ 100% 0:00:00
Segment 0 saved from 2460 to 14880 milliseconds. With a duration of 12420 milliseconds.
Segment 1 saved from 14880 to 18677 milliseconds. With a duration of 3797 milliseconds.
Segment 2 saved from 19555 to 36970 milliseconds. With a duration of 17415 milliseconds.
Segment 3 saved from 36970 to 42775 milliseconds. With a duration of 5805 milliseconds.
Segment 4 saved from 43500 to 52140 milliseconds. With a duration of 8640 milliseconds.
Segment 5 saved from 52140 to 58874 milliseconds. With a duration of 6734 milliseconds.
Segment 6 saved from 59329 to 62839 milliseconds. With a duration of 3510 milliseconds.
Segment 7 saved from 65219 to 67109 milliseconds. With a duration of 1890 milliseconds.
Segment 8 saved from 67784 to 71850 milliseconds. With a duration of 4066 milliseconds.
Segment 9 saved from 71850 to 72357 milliseconds. With a duration of 507 milliseconds.
Segment 10 saved from 72357 to 72964 milliseconds. With a duration of 607 milliseconds.
Segment 11 saved from 72964 to 87038 milliseconds. With a duration of 14074 milliseconds.
Segment 12 saved from 87038 to 92674 milliseconds. With a duration of 5636 milliseconds.
Segment duration longer than 29 seconds: 33598
Treshold: -50
Treshold: -45
Subsegment 13 saved from 0 to 21644 milliseconds. With a duration of 21644 milliseconds.
Subsegment 14 saved from 21644 to 33598 milliseconds. With a duration of 11954 milliseconds.
Segment 15 saved from 127032 to 135149 milliseconds. With a duration of 8117 milliseconds.
Segment duration longer than 29 seconds: 31488
Treshold: -50
Subsegment 16 saved from 0 to 14288 milliseconds. With a duration of 14288 milliseconds.
Subsegment 17 saved from 14288 to 31488 milliseconds. With a duration of 17200 milliseconds.
Segment 18 saved from 166637 to 181521 milliseconds. With a duration of 14884 milliseconds.
Segment 19 saved from 182399 to 189503 milliseconds. With a duration of 7104 milliseconds.
Segment 20 saved from 190195 to 194869 milliseconds. With a duration of 4674 milliseconds.
Segment 21 saved from 195730 to 201130 milliseconds. With a duration of 5400 milliseconds.
Segment 22 saved from 201130 to 212031 milliseconds. With a duration of 10901 milliseconds.
Segment 23 saved from 212031 to 237023 milliseconds. With a duration of 24992 milliseconds.
Segment 24 saved from 237023 to 246878 milliseconds. With a duration of 9855 milliseconds.
Segment 25 saved from 247182 to 250034 milliseconds. With a duration of 2852 milliseconds.
Segment 26 saved from 250574 to 254235 milliseconds. With a duration of 3661 milliseconds.
Segment 27 saved from 254269 to 258977 milliseconds. With a duration of 4708 milliseconds.
Segment 28 saved from 258977 to 265964 milliseconds. With a duration of 6987 milliseconds.
Segment 29 saved from 265964 to 272950 milliseconds. With a duration of 6986 milliseconds.
Segment 30 saved from 272950 to 279278 milliseconds. With a duration of 6328 milliseconds.
Segment duration longer than 29 seconds: 30746
Treshold: -50
Treshold: -45
Treshold: -40
Subsegment 31 saved from 0 to 23243 milliseconds. With a duration of 23243 milliseconds.
Subsegment 32 saved from 23243 to 30746 milliseconds. With a duration of 7503 milliseconds.
Segment 33 saved from 310024 to 312404 milliseconds. With a duration of 2380 milliseconds.
Segment 34 saved from 312404 to 312876 milliseconds. With a duration of 472 milliseconds.
Segment 35 saved from 312876 to 320470 milliseconds. With a duration of 7594 milliseconds.
Segment duration longer than 29 seconds: 29008
Treshold: -50
Treshold: -45
Subsegment 36 saved from 0 to 13831 milliseconds. With a duration of 13831 milliseconds.
Subsegment 37 saved from 13831 to 29008 milliseconds. With a duration of 15177 milliseconds.
Segment 38 saved from 350035 to 352971 milliseconds. With a duration of 2936 milliseconds.
Segment 39 saved from 352971 to 363029 milliseconds. With a duration of 10058 milliseconds.
Segment 40 saved from 363029 to 363484 milliseconds. With a duration of 455 milliseconds.
Segment 41 saved from 363484 to 364159 milliseconds. With a duration of 675 milliseconds.
Segment 42 saved from 364159 to 368597 milliseconds. With a duration of 4438 milliseconds.
Segment 43 saved from 369222 to 372985 milliseconds. With a duration of 3763 milliseconds.
Segment 44 saved from 373407 to 378284 milliseconds. With a duration of 4877 milliseconds.
Segment 45 saved from 378587 to 382080 milliseconds. With a duration of 3493 milliseconds.
Segment 46 saved from 382654 to 389185 milliseconds. With a duration of 6531 milliseconds.
Segment 47 saved from 389573 to 396711 milliseconds. With a duration of 7138 milliseconds.
Segment 48 saved from 396880 to 401622 milliseconds. With a duration of 4742 milliseconds.
Segment 49 saved from 401622 to 404558 milliseconds. With a duration of 2936 milliseconds.
Segment 50 saved from 404558 to 406499 milliseconds. With a duration of 1941 milliseconds.
Segment 51 saved from 406499 to 408422 milliseconds. With a duration of 1923 milliseconds.
Diarization has completed.
Found audio file: assets/audios/dialogo_filtrado_rg_1.wav
Diarization has started: assets/audios/dialogo_filtrado_rg_1.wav
Diarization model loaded.
<pyannote.audio.pipelines.speaker_diarization.SpeakerDiarization object at 0x7a4ea7525810>
segmentation         ━━━━━━━━━━━━━━━━━━━━━━━━━━━━━━━━━━━━━━━━ 100% 0:00:00
speaker_counting     ━━━━━━━━━━━━━━━━━━━━━━━━━━━━━━━━━━━━━━━━ 100% 0:00:00
embeddings           ━━━━━━━━━━━━━━━━━━━━━━━━━━━━━━━━━━━━━━━━ 100% 0:02:54
discrete_diarization ━━━━━━━━━━━━━━━━━━━━━━━━━━━━━━━━━━━━━━━━ 100% 0:00:00
Segment 0 saved from 2477 to 13598 milliseconds. With a duration of 11121 milliseconds.
Segment 1 saved from 14880 to 18660 milliseconds. With a duration of 3780 milliseconds.
Segment 2 saved from 19572 to 23993 milliseconds. With a duration of 4421 milliseconds.
Segment 3 saved from 25309 to 28414 milliseconds. With a duration of 3105 milliseconds.
Segment 4 saved from 29123 to 36025 milliseconds. With a duration of 6902 milliseconds.
Segment 5 saved from 36025 to 42775 milliseconds. With a duration of 6750 milliseconds.
Segment 6 saved from 43517 to 52242 milliseconds. With a duration of 8725 milliseconds.
Segment 7 saved from 52242 to 58874 milliseconds. With a duration of 6632 milliseconds.
Segment 8 saved from 59346 to 62856 milliseconds. With a duration of 3510 milliseconds.
Segment 9 saved from 65219 to 67109 milliseconds. With a duration of 1890 milliseconds.
Segment 10 saved from 67800 to 71834 milliseconds. With a duration of 4034 milliseconds.
Segment 11 saved from 71834 to 87966 milliseconds. With a duration of 16132 milliseconds.
Segment 12 saved from 87966 to 92640 milliseconds. With a duration of 4674 milliseconds.
Segment duration longer than 29 seconds: 34527
Treshold: -50
Subsegment 13 saved from 0 to 21630 milliseconds. With a duration of 21630 milliseconds.
Subsegment 14 saved from 21630 to 34527 milliseconds. With a duration of 12897 milliseconds.
Segment 15 saved from 127977 to 135149 milliseconds. With a duration of 7172 milliseconds.
Segment 16 saved from 135149 to 139890 milliseconds. With a duration of 4741 milliseconds.
Segment 17 saved from 140430 to 144700 milliseconds. With a duration of 4270 milliseconds.
Segment 18 saved from 145155 to 163195 milliseconds. With a duration of 18040 milliseconds.
Segment 19 saved from 166637 to 174029 milliseconds. With a duration of 7392 milliseconds.
Segment 20 saved from 174029 to 175817 milliseconds. With a duration of 1788 milliseconds.
Segment 21 saved from 176864 to 181538 milliseconds. With a duration of 4674 milliseconds.
Segment 22 saved from 182415 to 189503 milliseconds. With a duration of 7088 milliseconds.
Segment 23 saved from 190195 to 194886 milliseconds. With a duration of 4691 milliseconds.
Segment 24 saved from 195764 to 199662 milliseconds. With a duration of 3898 milliseconds.
Segment 25 saved from 201113 to 214275 milliseconds. With a duration of 13162 milliseconds.
Segment 26 saved from 214849 to 237968 milliseconds. With a duration of 23119 milliseconds.
Segment 27 saved from 237968 to 246878 milliseconds. With a duration of 8910 milliseconds.
Segment 28 saved from 247182 to 250034 milliseconds. With a duration of 2852 milliseconds.
Segment 29 saved from 250590 to 254252 milliseconds. With a duration of 3662 milliseconds.
Segment 30 saved from 254252 to 259197 milliseconds. With a duration of 4945 milliseconds.
Segment 31 saved from 259197 to 266622 milliseconds. With a duration of 7425 milliseconds.
Segment 32 saved from 267297 to 272241 milliseconds. With a duration of 4944 milliseconds.
Segment 33 saved from 272899 to 278839 milliseconds. With a duration of 5940 milliseconds.
Segment 34 saved from 279278 to 285319 milliseconds. With a duration of 6041 milliseconds.
Segment 35 saved from 285319 to 286028 milliseconds. With a duration of 709 milliseconds.
Segment 36 saved from 286028 to 313973 milliseconds. With a duration of 27945 milliseconds.
Segment 37 saved from 313973 to 320453 milliseconds. With a duration of 6480 milliseconds.
Segment 38 saved from 321027 to 349697 milliseconds. With a duration of 28670 milliseconds.
Segment 39 saved from 350170 to 352026 milliseconds. With a duration of 1856 milliseconds.
Segment 40 saved from 352026 to 364125 milliseconds. With a duration of 12099 milliseconds.
Segment 41 saved from 364125 to 368597 milliseconds. With a duration of 4472 milliseconds.
Segment 42 saved from 369239 to 373002 milliseconds. With a duration of 3763 milliseconds.
Segment 43 saved from 373424 to 378233 milliseconds. With a duration of 4809 milliseconds.
Segment 44 saved from 378604 to 382064 milliseconds. With a duration of 3460 milliseconds.
Segment 45 saved from 382671 to 389168 milliseconds. With a duration of 6497 milliseconds.
Segment 46 saved from 389607 to 396711 milliseconds. With a duration of 7104 milliseconds.
Segment 47 saved from 396897 to 401436 milliseconds. With a duration of 4539 milliseconds.
Segment 48 saved from 401588 to 404018 milliseconds. With a duration of 2430 milliseconds.
Segment 49 saved from 404575 to 406515 milliseconds. With a duration of 1940 milliseconds.
Segment 50 saved from 407039 to 408422 milliseconds. With a duration of 1383 milliseconds.
Diarization has completed.
