Audio device: cuda
Diarization has started: assets/audios/dialogo_roman_gabriel.wav
Diarization model loaded.
<pyannote.audio.pipelines.speaker_diarization.SpeakerDiarization object at 0x7de6132d5c50>
segmentation         ━━━━━━━━━━━━━━━━━━━━━━━━━━━━━━━━━━━━━━━━ 100% 0:00:00
speaker_counting     ━━━━━━━━━━━━━━━━━━━━━━━━━━━━━━━━━━━━━━━━ 100% 0:00:00
embeddings           ━━━━━━━━━━━━━━━━━━━━━━━━━━━━━━━━━━━━━━━━ 100% 0:02:59
discrete_diarization ━━━━━━━━━━━━━━━━━━━━━━━━━━━━━━━━━━━━━━━━ 100% 0:00:00
Segment 0 saved from 2460 to 14880 milliseconds. With a duration of 12420 milliseconds.
Segment 1 saved from 14880 to 18677 milliseconds. With a duration of 3797 milliseconds.
Segment 2 saved from 19555 to 36970 milliseconds. With a duration of 17415 milliseconds.
Segment 3 saved from 36970 to 42775 milliseconds. With a duration of 5805 milliseconds.
Segment 4 saved from 43500 to 52140 milliseconds. With a duration of 8640 milliseconds.
Segment 5 saved from 52140 to 58874 milliseconds. With a duration of 6734 milliseconds.
Segment 6 saved from 59329 to 62839 milliseconds. With a duration of 3510 milliseconds.
Segment 7 saved from 65219 to 67109 milliseconds. With a duration of 1890 milliseconds.
Segment 8 saved from 67784 to 71850 milliseconds. With a duration of 4066 milliseconds.
Segment 9 saved from 71850 to 72357 milliseconds. With a duration of 507 milliseconds.
Segment 10 saved from 72357 to 72964 milliseconds. With a duration of 607 milliseconds.
Segment 11 saved from 72964 to 87038 milliseconds. With a duration of 14074 milliseconds.
Segment 12 saved from 87038 to 92674 milliseconds. With a duration of 5636 milliseconds.
Segment duration longer than 29 seconds: 33598
Treshold: -50
Treshold: -45
Subsegment 13 saved from 0 to 21644 milliseconds. With a duration of 21644 milliseconds.
Subsegment 14 saved from 21644 to 33598 milliseconds. With a duration of 11954 milliseconds.
Segment 15 saved from 127032 to 135149 milliseconds. With a duration of 8117 milliseconds.
Segment duration longer than 29 seconds: 31488
Treshold: -50
Subsegment 16 saved from 0 to 14288 milliseconds. With a duration of 14288 milliseconds.
Subsegment 17 saved from 14288 to 31488 milliseconds. With a duration of 17200 milliseconds.
Segment 18 saved from 166637 to 181521 milliseconds. With a duration of 14884 milliseconds.
Segment 19 saved from 182399 to 189503 milliseconds. With a duration of 7104 milliseconds.
Segment 20 saved from 190195 to 194869 milliseconds. With a duration of 4674 milliseconds.
Segment 21 saved from 195730 to 201130 milliseconds. With a duration of 5400 milliseconds.
Segment 22 saved from 201130 to 212031 milliseconds. With a duration of 10901 milliseconds.
Segment 23 saved from 212031 to 237023 milliseconds. With a duration of 24992 milliseconds.
Segment 24 saved from 237023 to 246878 milliseconds. With a duration of 9855 milliseconds.
Segment 25 saved from 247182 to 250034 milliseconds. With a duration of 2852 milliseconds.
Segment 26 saved from 250574 to 254235 milliseconds. With a duration of 3661 milliseconds.
Segment 27 saved from 254269 to 258977 milliseconds. With a duration of 4708 milliseconds.
Segment 28 saved from 258977 to 265964 milliseconds. With a duration of 6987 milliseconds.
Segment 29 saved from 265964 to 272950 milliseconds. With a duration of 6986 milliseconds.
Segment 30 saved from 272950 to 279278 milliseconds. With a duration of 6328 milliseconds.
Segment duration longer than 29 seconds: 30746
Treshold: -50
Treshold: -45
Treshold: -40
Subsegment 31 saved from 0 to 23243 milliseconds. With a duration of 23243 milliseconds.
Subsegment 32 saved from 23243 to 30746 milliseconds. With a duration of 7503 milliseconds.
Segment 33 saved from 310024 to 312404 milliseconds. With a duration of 2380 milliseconds.
Segment 34 saved from 312404 to 312876 milliseconds. With a duration of 472 milliseconds.
Segment 35 saved from 312876 to 320470 milliseconds. With a duration of 7594 milliseconds.
Segment duration longer than 29 seconds: 29008
Treshold: -50
Treshold: -45
Subsegment 36 saved from 0 to 13831 milliseconds. With a duration of 13831 milliseconds.
Subsegment 37 saved from 13831 to 29008 milliseconds. With a duration of 15177 milliseconds.
Segment 38 saved from 350035 to 352971 milliseconds. With a duration of 2936 milliseconds.
Segment 39 saved from 352971 to 363029 milliseconds. With a duration of 10058 milliseconds.
Segment 40 saved from 363029 to 363484 milliseconds. With a duration of 455 milliseconds.
Segment 41 saved from 363484 to 364159 milliseconds. With a duration of 675 milliseconds.
Segment 42 saved from 364159 to 368597 milliseconds. With a duration of 4438 milliseconds.
Segment 43 saved from 369222 to 372985 milliseconds. With a duration of 3763 milliseconds.
Segment 44 saved from 373407 to 378284 milliseconds. With a duration of 4877 milliseconds.
Segment 45 saved from 378587 to 382080 milliseconds. With a duration of 3493 milliseconds.
Segment 46 saved from 382654 to 389185 milliseconds. With a duration of 6531 milliseconds.
Segment 47 saved from 389573 to 396711 milliseconds. With a duration of 7138 milliseconds.
Segment 48 saved from 396880 to 401622 milliseconds. With a duration of 4742 milliseconds.
Segment 49 saved from 401622 to 404558 milliseconds. With a duration of 2936 milliseconds.
Segment 50 saved from 404558 to 406499 milliseconds. With a duration of 1941 milliseconds.
Segment 51 saved from 406499 to 408422 milliseconds. With a duration of 1923 milliseconds.
Diarization has completed.
