Audio device: cuda
Found audio file: assets/audios/C2_Cambridge.wav
Diarization has started: assets/audios/C2_Cambridge.wav
Removing existing directory: cache/diarized_audios/C2_Cambridge before creating a new one.
segmentation         ━━━━━━━━━━━━━━━━━━━━━━━━━━━━━━━━━━━━━━━━ 100% 0:00:01
speaker_counting     ━━━━━━━━━━━━━━━━━━━━━━━━━━━━━━━━━━━━━━━━ 100% 0:00:00
embeddings           ━━━━━━━━━━━━━━━━━━━━━━━━━━━━━━━━━━━━━━━━ 100% 0:01:34
discrete_diarization ━━━━━━━━━━━━━━━━━━━━━━━━━━━━━━━━━━━━━━━━ 100% 0:00:00
Audio device: cuda
Found audio file: assets/audios/C2_Cambridge.wav
Diarization has started: assets/audios/C2_Cambridge.wav
segmentation         ━━━━━━━━━━━━━━━━━━━━━━━━━━━━━━━━━━━━━━━━ 100% 0:00:01
speaker_counting     ━━━━━━━━━━━━━━━━━━━━━━━━━━━━━━━━━━━━━━━━ 100% 0:00:00
embeddings           ━━━━━━━━━━━━━━━━━━━━━━━━━━━━━━━━━━━━━━━━ 100% 0:01:34
discrete_diarization ━━━━━━━━━━━━━━━━━━━━━━━━━━━━━━━━━━━━━━━━ 100% 0:00:00
Segment 0 saved from 10189 to 17040 milliseconds.
Segment 1 saved from 17462 to 18002 milliseconds.
Segment 2 saved from 18795 to 28465 milliseconds.
Segment 3 saved from 29089 to 33409 milliseconds.
Segment 4 saved from 33983 to 35856 milliseconds.
Segment 5 saved from 36430 to 38067 milliseconds.
Segment 6 saved from 38033 to 44294 milliseconds.
Segment 7 saved from 38067 to 38387 milliseconds.
Ignored segment, duration less than 300 miliseconds:
Ignored segment, duration less than 300 miliseconds:
Ignored segment, duration less than 300 miliseconds:
Segment 8 saved from 45222 to 54030 milliseconds.
Segment 9 saved from 54621 to 59025 milliseconds.
Segment 10 saved from 60139 to 67260 milliseconds.
Segment 11 saved from 67851 to 71952 milliseconds.
Segment 12 saved from 72812 to 82414 milliseconds.
Segment 13 saved from 83022 to 108756 milliseconds.
Segment 14 saved from 109802 to 122864 milliseconds.
Ignored segment, duration less than 300 miliseconds:
Segment 15 saved from 114426 to 126374 milliseconds.
Segment 16 saved from 126475 to 130035 milliseconds.
Segment 17 saved from 128466 to 129377 milliseconds.
Segment 18 saved from 130137 to 136735 milliseconds.
Segment 19 saved from 135098 to 137207 milliseconds.
Segment 20 saved from 138270 to 143603 milliseconds.
Segment 21 saved from 143603 to 145139 milliseconds.
Segment 22 saved from 143620 to 145527 milliseconds.
Segment 23 saved from 145965 to 159246 milliseconds.
Segment 24 saved from 159246 to 168983 milliseconds.
Ignored segment, duration less than 300 miliseconds:
Ignored segment, duration less than 300 miliseconds:
Ignored segment, duration less than 300 miliseconds:
Segment duration longer than 29 seconds: 30645
Treshold: -50
Treshold: -45
Treshold: -40
Subsegment 25 saved from 0 to 27809 milliseconds.
Subsegment 26 saved from 27809 to 30645 milliseconds.
Segment 27 saved from 196641 to 204674 milliseconds.
Segment 28 saved from 204674 to 207120 milliseconds.
Segment 29 saved from 204960 to 207559 milliseconds.
Segment 30 saved from 207188 to 218444 milliseconds.
Segment 31 saved from 211677 to 224063 milliseconds.
Ignored segment, duration less than 300 miliseconds:
Segment 32 saved from 220013 to 220806 milliseconds.
Segment 33 saved from 220823 to 225531 milliseconds.
Segment 34 saved from 225970 to 227927 milliseconds.
Segment 35 saved from 228332 to 248920 milliseconds.
Ignored segment, duration less than 300 miliseconds:
Segment 36 saved from 242912 to 251282 milliseconds.
Segment 37 saved from 249190 to 255164 milliseconds.
Segment 38 saved from 255704 to 256092 milliseconds.
Segment 39 saved from 256463 to 262335 milliseconds.
Segment 40 saved from 259112 to 274654 milliseconds.
Segment 41 saved from 263854 to 283615 milliseconds.
Ignored segment, duration less than 300 miliseconds:
Segment 42 saved from 285674 to 293554 milliseconds.
Segment 43 saved from 289234 to 290601 milliseconds.
Segment 44 saved from 293706 to 300557 milliseconds.
Segment 45 saved from 293740 to 302262 milliseconds.
Segment 46 saved from 302262 to 302599 milliseconds.
Segment 47 saved from 302599 to 305620 milliseconds.
Segment 48 saved from 305924 to 306902 milliseconds.
Segment 49 saved from 307088 to 308337 milliseconds.
Segment 50 saved from 308894 to 322630 milliseconds.
Segment 51 saved from 318428 to 331590 milliseconds.
Segment 52 saved from 324284 to 339589 milliseconds.
Segment 53 saved from 335607 to 346373 milliseconds.
Segment 54 saved from 344804 to 357949 milliseconds.
Segment 55 saved from 354962 to 357882 milliseconds.
Segment 56 saved from 358675 to 362354 milliseconds.
Segment 57 saved from 362539 to 373204 milliseconds.
Segment 58 saved from 362995 to 376444 milliseconds.
Segment 59 saved from 376444 to 376967 milliseconds.
Segment 60 saved from 376461 to 377406 milliseconds.
Segment 61 saved from 377406 to 378199 milliseconds.
Segment 62 saved from 378655 to 379026 milliseconds.
Ignored segment, duration less than 300 miliseconds:
Ignored segment, duration less than 300 miliseconds:
Ignored segment, duration less than 300 miliseconds:
Ignored segment, duration less than 300 miliseconds:
Segment duration longer than 29 seconds: 34408
Treshold: -50
Treshold: -45
Treshold: -40
Subsegment 63 saved from 0 to 15123 milliseconds.
Subsegment 64 saved from 15123 to 34408 milliseconds.
Segment duration longer than 29 seconds: 129819
Treshold: -50
Treshold: -45
Treshold: -40
Treshold: -35
Treshold: -30
Subsegment 65 saved from 0 to 28279 milliseconds.
Subsegment 66 saved from 28279 to 51441 milliseconds.
Subsegment 67 saved from 51441 to 79346 milliseconds.
Subsegment 68 saved from 79346 to 102290 milliseconds.
Subsegment 69 saved from 102290 to 129819 milliseconds.
Segment 70 saved from 536487 to 540992 milliseconds.
Segment duration longer than 29 seconds: 30156
Treshold: -50
Treshold: -45
Treshold: -40
Treshold: -35
Treshold: -30
Subsegment 71 saved from 0 to 25319 milliseconds.
Subsegment 72 saved from 25319 to 30156 milliseconds.
Ignored segment, duration less than 300 miliseconds:
Ignored segment, duration less than 300 miliseconds:
Ignored segment, duration less than 300 miliseconds:
Ignored segment, duration less than 300 miliseconds:
Segment 73 saved from 572970 to 573375 milliseconds.
Segment 74 saved from 574455 to 585660 milliseconds.
Segment 75 saved from 586437 to 602367 milliseconds.
Segment duration longer than 29 seconds: 126394
Treshold: -50
Treshold: -45
Treshold: -40
Treshold: -35
Subsegment 76 saved from 0 to 19313 milliseconds.
Subsegment 77 saved from 19313 to 32616 milliseconds.
Subsegment 78 saved from 32616 to 51552 milliseconds.
Subsegment 79 saved from 51552 to 77796 milliseconds.
Subsegment 80 saved from 77796 to 105989 milliseconds.
Subsegment 81 saved from 105989 to 126394 milliseconds.
Segment 82 saved from 729402 to 735173 milliseconds.
Segment 83 saved from 736270 to 763827 milliseconds.
Segment 84 saved from 764856 to 765430 milliseconds.
Segment 85 saved from 766071 to 791552 milliseconds.
Segment 86 saved from 792329 to 803264 milliseconds.
Segment 87 saved from 804799 to 824999 milliseconds.
Segment duration longer than 29 seconds: 31877
Treshold: -50
Treshold: -45
Treshold: -40
Subsegment 88 saved from 0 to 27777 milliseconds.
Subsegment 89 saved from 27777 to 31877 milliseconds.
Segment 90 saved from 827445 to 838009 milliseconds.
Segment 91 saved from 847004 to 853180 milliseconds.
Segment duration longer than 29 seconds: 32569
Treshold: -50
Treshold: -45
Treshold: -40
Treshold: -35
Subsegment 92 saved from 0 to 7049 milliseconds.
Subsegment 93 saved from 7049 to 32569 milliseconds.
Segment 94 saved from 888263 to 895519 milliseconds.
Segment 95 saved from 895080 to 895418 milliseconds.
Segment duration longer than 29 seconds: 31505
Treshold: -50
Treshold: -45
Treshold: -40
Subsegment 96 saved from 0 to 25033 milliseconds.
Subsegment 97 saved from 25033 to 31505 milliseconds.
Segment 98 saved from 921777 to 931345 milliseconds.
Segment 99 saved from 929286 to 938550 milliseconds.
Segment 100 saved from 935260 to 942617 milliseconds.
Segment 101 saved from 942432 to 945149 milliseconds.
Segment 102 saved from 944423 to 944862 milliseconds.
Segment 103 saved from 945486 to 950093 milliseconds.
Segment 104 saved from 946026 to 949958 milliseconds.
Ignored segment, duration less than 300 miliseconds:
Ignored segment, duration less than 300 miliseconds:
Segment 105 saved from 951004 to 951426 milliseconds.
Segment 106 saved from 951899 to 952388 milliseconds.
Segment 107 saved from 953890 to 960269 milliseconds.
Segment 108 saved from 960690 to 978645 milliseconds.
Segment 109 saved from 961770 to 962142 milliseconds.
Segment 110 saved from 979810 to 983505 milliseconds.
Segment 111 saved from 983708 to 1005882 milliseconds.
Segment 112 saved from 990627 to 990947 milliseconds.
Segment 113 saved from 1004599 to 1010792 milliseconds.
Segment 114 saved from 1012497 to 1036679 milliseconds.
Segment 115 saved from 1033675 to 1047749 milliseconds.
Segment 116 saved from 1048947 to 1053621 milliseconds.
Segment 117 saved from 1052879 to 1054414 milliseconds.
Segment 118 saved from 1053621 to 1056827 milliseconds.
Ignored segment, duration less than 300 miliseconds:
Diarization has completed.
