Audio device: cuda
Found audio file: assets/audios/C2_Cambridge.wav
Diarization has started: assets/audios/C2_Cambridge.wav
Removing existing directory: cache/diarized_audios before creating a new one.
segmentation         ━━━━━━━━━━━━━━━━━━━━━━━━━━━━━━━━━━━━━━━━ 100% 0:00:01
speaker_counting     ━━━━━━━━━━━━━━━━━━━━━━━━━━━━━━━━━━━━━━━━ 100% 0:00:00
embeddings           ━━━━━━━━━━━━━━━━━━━━━━━━━━━━━━━━━━━━━━━━ 100% 0:01:38
discrete_diarization ━━━━━━━━━━━━━━━━━━━━━━━━━━━━━━━━━━━━━━━━ 100% 0:00:00
Ignored segment, duration less than 1 second: 574
Segment 0 saved from 11708 to 14627 milliseconds.
Segment 1 saved from 15387 to 16433 milliseconds.
Ignored segment, duration less than 1 second: 388
Ignored segment, duration less than 1 second: 540
Segment 2 saved from 18795 to 20601 milliseconds.
Ignored segment, duration less than 1 second: 472
Segment 3 saved from 25073 to 27233 milliseconds.
Ignored segment, duration less than 1 second: 928
Segment 4 saved from 29089 to 33409 milliseconds.
Segment 5 saved from 33983 to 35856 milliseconds.
Segment 6 saved from 36430 to 38067 milliseconds.
Segment 7 saved from 38033 to 44294 milliseconds.
Ignored segment, duration less than 1 second: 320
Ignored segment, duration less than 1 second: 51
Ignored segment, duration less than 1 second: 17
Ignored segment, duration less than 1 second: 169
Ignored segment, duration less than 1 second: 472
Segment 8 saved from 46200 to 54030 milliseconds.
Ignored segment, duration less than 1 second: 203
Segment 9 saved from 55549 to 59025 milliseconds.
Segment 10 saved from 60139 to 67260 milliseconds.
Ignored segment, duration less than 1 second: 473
Segment 11 saved from 68847 to 71952 milliseconds.
Segment 12 saved from 72812 to 82414 milliseconds.
Ignored segment, duration less than 1 second: 168
Ignored segment, duration less than 1 second: 439
Segment 13 saved from 86717 to 89552 milliseconds.
Segment 14 saved from 90194 to 92995 milliseconds.
Segment 15 saved from 95492 to 98648 milliseconds.
Segment 16 saved from 99374 to 108756 milliseconds.
Segment 17 saved from 109802 to 122864 milliseconds.
Ignored segment, duration less than 1 second: 34
Ignored segment, duration less than 1 second: 203
Ignored segment, duration less than 1 second: 641
Segment 18 saved from 122914 to 126374 milliseconds.
Segment 19 saved from 126475 to 130035 milliseconds.
Ignored segment, duration less than 1 second: 911
Segment 20 saved from 130137 to 131875 milliseconds.
Segment 21 saved from 133377 to 136735 milliseconds.
Ignored segment, duration less than 1 second: 523
Segment 22 saved from 135891 to 137207 milliseconds.
Segment 23 saved from 138270 to 142860 milliseconds.
Ignored segment, duration less than 1 second: 34
Ignored segment, duration less than 1 second: 236
Segment 24 saved from 143603 to 145139 milliseconds.
Segment 25 saved from 143620 to 145527 milliseconds.
Segment 26 saved from 145965 to 159246 milliseconds.
Segment 27 saved from 159246 to 168983 milliseconds.
Ignored segment, duration less than 1 second: 287
Ignored segment, duration less than 1 second: 34
Ignored segment, duration less than 1 second: 17
Ignored segment, duration less than 1 second: 169
Ignored segment, duration less than 1 second: 472
Segment 28 saved from 169844 to 180492 milliseconds.
Segment 29 saved from 181251 to 185875 milliseconds.
Segment 30 saved from 186499 to 190532 milliseconds.
Segment 31 saved from 190937 to 193013 milliseconds.
Segment 32 saved from 193722 to 196084 milliseconds.
Segment 33 saved from 196641 to 203779 milliseconds.
Ignored segment, duration less than 1 second: 34
Segment 34 saved from 204674 to 207120 milliseconds.
Segment 35 saved from 204960 to 206294 milliseconds.
Ignored segment, duration less than 1 second: 439
Segment 36 saved from 207188 to 218444 milliseconds.
Ignored segment, duration less than 1 second: 270
Ignored segment, duration less than 1 second: 861
Segment 37 saved from 219692 to 224063 milliseconds.
Ignored segment, duration less than 1 second: 135
Ignored segment, duration less than 1 second: 793
Ignored segment, duration less than 1 second: 219
Segment 38 saved from 222240 to 225531 milliseconds.
Ignored segment, duration less than 1 second: 422
Ignored segment, duration less than 1 second: 995
Segment 39 saved from 228332 to 248920 milliseconds.
Ignored segment, duration less than 1 second: 33
Ignored segment, duration less than 1 second: 439
Segment 40 saved from 249105 to 251282 milliseconds.
Segment 41 saved from 249190 to 255164 milliseconds.
Ignored segment, duration less than 1 second: 388
Segment 42 saved from 256463 to 262335 milliseconds.
Ignored segment, duration less than 1 second: 658
Segment 43 saved from 261846 to 274654 milliseconds.
Ignored segment, duration less than 1 second: 726
Segment 44 saved from 275211 to 283615 milliseconds.
Ignored segment, duration less than 1 second: 236
Segment 45 saved from 285674 to 293554 milliseconds.
Segment 46 saved from 289234 to 290601 milliseconds.
Segment 47 saved from 293706 to 300557 milliseconds.
Segment 48 saved from 293740 to 295343 milliseconds.
Segment 49 saved from 299747 to 301823 milliseconds.
Ignored segment, duration less than 1 second: 17
Ignored segment, duration less than 1 second: 337
Segment 50 saved from 302599 to 305620 milliseconds.
Ignored segment, duration less than 1 second: 978
Segment 51 saved from 307088 to 308337 milliseconds.
Segment 52 saved from 308894 to 322630 milliseconds.
Ignored segment, duration less than 1 second: 304
Segment 53 saved from 322613 to 331590 milliseconds.
Ignored segment, duration less than 1 second: 590
Segment 54 saved from 328958 to 339589 milliseconds.
Ignored segment, duration less than 1 second: 320
Segment 55 saved from 340500 to 346373 milliseconds.
Ignored segment, duration less than 1 second: 303
Segment 56 saved from 347385 to 357949 milliseconds.
Segment 57 saved from 354962 to 357882 milliseconds.
Segment 58 saved from 358675 to 362354 milliseconds.
Segment 59 saved from 362539 to 373204 milliseconds.
Segment 60 saved from 362995 to 364328 milliseconds.
Segment 61 saved from 373086 to 376444 milliseconds.
Ignored segment, duration less than 1 second: 523
Ignored segment, duration less than 1 second: 422
Ignored segment, duration less than 1 second: 439
Ignored segment, duration less than 1 second: 793
Ignored segment, duration less than 1 second: 371
Ignored segment, duration less than 1 second: 17
Ignored segment, duration less than 1 second: 17
Ignored segment, duration less than 1 second: 17
Ignored segment, duration less than 1 second: 17
Ignored segment, duration less than 1 second: 16
Segment 62 saved from 383954 to 388307 milliseconds.
Segment 63 saved from 388628 to 393015 milliseconds.
Segment 64 saved from 394720 to 400019 milliseconds.
Segment 65 saved from 400272 to 402432 milliseconds.
Segment 66 saved from 402567 to 404085 milliseconds.
Ignored segment, duration less than 1 second: 607
Segment 67 saved from 405807 to 413502 milliseconds.
Ignored segment, duration less than 1 second: 506
Segment duration longer than 29 seconds: 116842
Treshold: -50
Treshold: -45
Treshold: -40
Treshold: -35
Treshold: -30
Subsegment 68 saved from 0 to 26511 milliseconds.
Subsegment 69 saved from 26511 to 38464 milliseconds.
Subsegment 70 saved from 38464 to 66369 milliseconds.
Subsegment 71 saved from 66369 to 89313 milliseconds.
Subsegment 72 saved from 89313 to 116842 milliseconds.
Ignored segment, duration less than 1 second: 540
Segment 73 saved from 538394 to 540992 milliseconds.
Segment duration longer than 29 seconds: 30156
Treshold: -50
Treshold: -45
Treshold: -40
Treshold: -35
Treshold: -30
Subsegment 74 saved from 0 to 25319 milliseconds.
Subsegment 75 saved from 25319 to 30156 milliseconds.
Ignored segment, duration less than 1 second: 16
Ignored segment, duration less than 1 second: 102
Ignored segment, duration less than 1 second: 17
Ignored segment, duration less than 1 second: 16
Ignored segment, duration less than 1 second: 405
Segment 76 saved from 574455 to 585660 milliseconds.
Ignored segment, duration less than 1 second: 303
Segment 77 saved from 587348 to 592900 milliseconds.
Segment 78 saved from 594081 to 595448 milliseconds.
Segment 79 saved from 596275 to 602367 milliseconds.
Segment 80 saved from 602569 to 603683 milliseconds.
Segment duration longer than 29 seconds: 30578
Treshold: -50
Treshold: -45
Treshold: -40
Subsegment 81 saved from 0 to 17342 milliseconds.
Subsegment 82 saved from 17342 to 30578 milliseconds.
Segment duration longer than 29 seconds: 33007
Treshold: -50
Treshold: -45
Treshold: -40
Treshold: -35
Subsegment 83 saved from 0 to 18679 milliseconds.
Subsegment 84 saved from 18679 to 33007 milliseconds.
Segment 85 saved from 670474 to 699314 milliseconds.
Segment 86 saved from 700866 to 728963 milliseconds.
Ignored segment, duration less than 1 second: 506
Segment 87 saved from 731545 to 735173 milliseconds.
Segment 88 saved from 736270 to 763827 milliseconds.
Ignored segment, duration less than 1 second: 574
Segment 89 saved from 766071 to 791552 milliseconds.
Ignored segment, duration less than 1 second: 270
Segment 90 saved from 795518 to 799129 milliseconds.
Segment 91 saved from 800378 to 803264 milliseconds.
Segment 92 saved from 804799 to 805829 milliseconds.
Segment 93 saved from 806234 to 824999 milliseconds.
Segment 94 saved from 814435 to 815481 milliseconds.
Ignored segment, duration less than 1 second: 708
Segment 95 saved from 824762 to 846312 milliseconds.
Ignored segment, duration less than 1 second: 490
Segment 96 saved from 836744 to 838009 milliseconds.
Ignored segment, duration less than 1 second: 286
Segment 97 saved from 849383 to 853180 milliseconds.
Segment duration longer than 29 seconds: 32569
Treshold: -50
Treshold: -45
Treshold: -40
Treshold: -35
Subsegment 98 saved from 0 to 7049 milliseconds.
Subsegment 99 saved from 7049 to 32569 milliseconds.
Segment 100 saved from 888263 to 895519 milliseconds.
Ignored segment, duration less than 1 second: 338
Segment 101 saved from 895587 to 920005 milliseconds.
Segment 102 saved from 921237 to 927092 milliseconds.
Ignored segment, duration less than 1 second: 422
Ignored segment, duration less than 1 second: 591
Segment 103 saved from 926839 to 931345 milliseconds.
Segment 104 saved from 929286 to 938550 milliseconds.
Ignored segment, duration less than 1 second: 405
Segment 105 saved from 937909 to 942617 milliseconds.
Segment 106 saved from 942432 to 945149 milliseconds.
Ignored segment, duration less than 1 second: 439
Segment 107 saved from 945486 to 950093 milliseconds.
Ignored segment, duration less than 1 second: 574
Ignored segment, duration less than 1 second: 321
Ignored segment, duration less than 1 second: 67
Ignored segment, duration less than 1 second: 34
Ignored segment, duration less than 1 second: 422
Ignored segment, duration less than 1 second: 489
Segment 108 saved from 953890 to 960269 milliseconds.
Segment 109 saved from 960690 to 978645 milliseconds.
Ignored segment, duration less than 1 second: 372
Segment 110 saved from 979810 to 983505 milliseconds.
Segment 111 saved from 983708 to 1005882 milliseconds.
Ignored segment, duration less than 1 second: 320
Segment 112 saved from 1004599 to 1005932 milliseconds.
Segment 113 saved from 1006979 to 1010792 milliseconds.
Segment 114 saved from 1012497 to 1018572 milliseconds.
Segment 115 saved from 1019483 to 1023887 milliseconds.
Segment 116 saved from 1024343 to 1036679 milliseconds.
Ignored segment, duration less than 1 second: 506
Segment 117 saved from 1036881 to 1047749 milliseconds.
Segment 118 saved from 1048947 to 1053621 milliseconds.
Segment 119 saved from 1052879 to 1054414 milliseconds.
Ignored segment, duration less than 1 second: 17
Ignored segment, duration less than 1 second: 253
Segment 120 saved from 1054870 to 1056827 milliseconds.
Ignored segment, duration less than 1 second: 237
Diarization has completed.
