/home/roman/miniconda3/envs/DeMINT/lib/python3.11/site-packages/torchvision/io/image.py:13: UserWarning: Failed to load image Python extension: '/home/roman/miniconda3/envs/DeMINT/lib/python3.11/site-packages/torchvision/image.so: undefined symbol: _ZN3c1017RegisterOperatorsD1Ev'If you don't plan on using image functionality from `torchvision.io`, you can ignore this warning. Otherwise, there might be something wrong with your environment. Did you have `libjpeg` or `libpng` installed before building `torchvision` from source?
  warn(
You have passed task=transcribe, but also have set `forced_decoder_ids` to [[1, None], [2, 50360]] which creates a conflict. `forced_decoder_ids` will be ignored in favor of task=transcribe.
The attention mask is not set and cannot be inferred from input because pad token is same as eos token. As a consequence, you may observe unexpected behavior. Please pass your input's `attention_mask` to obtain reliable results.
You seem to be using the pipelines sequentially on GPU. In order to maximize efficiency please use a dataset
Starting to transcribe audio files of cache/diarized_audios/dialogo_roman_gabriel and saving the transcript to ./cache/diarized_transcripts/dialogo_roman_gabriel.json 
0_00.wav
hey you see my phone anywhere i can find it no how no i didn't see it did you leave it at your work nah i don't think so i was using it at home last night but now it's just gone poof
1_01.wav
maybe you forget it in the kitchen or somewhere you checked everywhere good
2_00.wav
yeah i check all the rooms even under the couch i think it got legs and walk away hah that would be some crazy stuff did you tried calling it yeah but is on silent mode so silent mode so that's dying happen on and now i feel like i'm losing my mind
3_01.wav
don't worries we gonna find it let's trace your steps you remember what was you doing last ?
4_00.wav
i was watching tv then i went to the bathroom and after that i was in the kitchen for a snack that's when i think i last had it
5_01.wav
okay so let's start from the kitchen maybe it's in the fridge with a snack you did that before remember?
6_00.wav
oh yeah i'm always putting stuff in weird places let's go check
7_01.wav
 alright let's go find a sneaky phone
8_00.wav
so we check the kitchen and still no phone what we do now
9_01.wav
hmm
10_00.wav
a bit in the book
11_01.wav
from you said you were in the right job i already look there twice ain't nothing in there ok then think again did you went outside for a moment maybe it's on the porch or something oh i did go to
12_00.wav
take out the truss last night but why would i phone my phone be in the truss
13_01.wav
you never know i seen you do some pretty strange things when you tired huh through that let's go check outside just in case all right but hurry up i don't wanna be searching out here all day ok ok i'm looking now no no phone in the truss well that's good news i guess so what do we what do we do next 
14_01.wav
i don't know maybe i call the phone company and tell them to vlog it or something wait did you check your car sometimes you leave it in there by mistake oh man you're right 
15_00.wav
right i totally forget about the car lets go check the car alright so we check the car and guess what no phone there
16_01.wav
seriously how you losing stuff like that all the time it's like you super power something i know right if there was an award for losing things i will be the champ for real ok let's sing maybe it fell between the couch
17_01.wav
cussions you know how things disappear in the java is where i check there are already but fine let's go check again all right i'll help start pulling the cussions out you never know what you find
18_00.wav
wow look at this i found my old earrings i lost i lost months ago and some grams a lot of grams oh gross but no fun huh no no fun just a whole mess of stuff i don't even wanna know about
19_01.wav
man this is getting frustrating did you check today backyard maybe you left it outside when you was out with the dog
20_00.wav
 oh i totally forgot i took the dog out let's go check the backyard real quick
21_01.wav
yeah hurry up i hope it didn't rain on your phone if it's all the way
22_00.wav
i know right i will cry if that happen ok i'm looking oh no i see something shiny over there by the flowers what is it your phone no it's just a piece of foil
23_01.wav
why is this so hard because you always losing stuff that's why wait did you check your jacket pockets no i didn't think of that i was wearing my jacket last night hold on let me check please let it be there please please please oh my god i found it it was in my pocket the whole time seriously after all that it was in your pocket i'm gonna lose my mind i know i'm sorry i swear 
24_00.wav
bro i not usually this forgetful not usually you sure about that ok ok maybe a little but thanks for helping me look you are a good friend
25_01.wav
 yeah yeah just buy me some lunch and we'll call it even
26_00.wav
 deal let's go get some food i'm starving after all that searching
27_01.wav
me too and maybe next time try not to lose your brain along with your phone ok?
28_00.wav
i will try my best no promises though so now that we found my phone we wait
29_01.wav
we gonna eat i think about that new burger place down the street heard they got some good stuff
30_00.wav
oh yeah i heard about that place too they got those huge milkshakes with all the crazy toppings right
31_01.wav
yep i seen pictures online and they look insane like they put whole donuts on top of them wow that sounds awesome but also kinda unhealthy maybe we should eat something lighter come on after all that stress looking for your phone we deserve a treat plus you owe me lunch remember alright alright you get a point let's do it i'm grabbing a big messy bowl now
32_01.wav
does the spirit lets head over there before the lunchtime crowd shows us a great idea but first let me grab my wallet
33_00.wav
 oh no dont tell me i love that too
34_01.wav
 so
35_00.wav
way you serious right now? no no no no no no no no no no no no no no no no no no no no no no no no no no no no no no no no no no no no no no no no no no no no no no no no no no no no no no no no no no no no no no no no no no no no no no no no no no no no no no no no no no no no no no no no no no no no no no no no no no no no no no no no no no no no no no no no no no no no no no no no no no no no no no no no no no no no no no no no no no no no no no no no no no no no no no no no no no no no no no no no no no no no no no no no no no no no no no no no no no no no no no no no no no no no no no no no no no no no no no no no no no no no no no no no no no no no no no no no no no no no no 
36_01.wav
few you always give me a heart attack i swear you like to live on the edge likes too short to be worn right? yeah but not too short you gotta lose everything everyday come on let's go before you lose your curious something
37_01.wav
good god let's get out of here wait do you hear that hear what i don't hear nothing you tripping again no seriously listen it's like a buzzing sound oh no my phone is ringing now haha oh great after all that no someone wanna call you
38_00.wav
jibeddy sounds pangal wait lemme check
39_01.wav
jt knew it congratulations you won a free cruise! spam calls are the worst but at least your phone works fine right? yeah true
40_00.wav
 this fun
41_01.wav
for nothing
42_00.wav
but hey at least i got a good workout for running around the house
43_01.wav
yeah and i got a good love watching you freak out totally worth it
44_00.wav
glad i could entertained you arrive for real this time let's go get those burgers
45_01.wav
finally let's get out of here before anything else goes missing
46_00.wav
don't jinx it but yeah let's roll and thanks again for helping me find my phone you are the best
47_01.wav
no problem thats what friends are for right helping each other out and laughing when things go crazy
48_00.wav
exactly alright let's go get those giant milkshakes and make this day even gracier
49_01.wav
deal and no more losing things today okay
50_00.wav
 i promise at least until tomorrow
51_01.wav
 haha fair enough lets go
